Using pre-set license
Built from '2021.3/staging' branch; Version is '2021.3.14f1 (eee1884e7226) revision 15655304'; Using compiler version '192829333'; Build Type 'Release'
OS: 'Windows 10  (10.0.19045) 64bit Professional' Language: 'zh' Physical Memory: 16068 MB
BatchMode: 1, IsHumanControllingUs: 0, StartBugReporterOnCrash: 0, Is64bit: 1, IsPro: 1

COMMAND LINE ARGUMENTS:
C:\Program Files\Unity\Hub\Editor\2021.3.14f1\Editor\Unity.exe
-adb2
-batchMode
-noUpm
-name
AssetImportWorker13
-projectPath
C:/Users/qingc/OneDrive - McGill University/Unity/My project/SpaceShooter
-logFile
Logs/AssetImportWorker13.log
-srvPort
54697
Successfully changed project path to: C:/Users/qingc/OneDrive - McGill University/Unity/My project/SpaceShooter
C:/Users/qingc/OneDrive - McGill University/Unity/My project/SpaceShooter
[UnityMemory] Configuration Parameters - Can be set up in boot.config
    "memorysetup-bucket-allocator-granularity=16"
    "memorysetup-bucket-allocator-bucket-count=8"
    "memorysetup-bucket-allocator-block-size=33554432"
    "memorysetup-bucket-allocator-block-count=8"
    "memorysetup-main-allocator-block-size=16777216"
    "memorysetup-thread-allocator-block-size=16777216"
    "memorysetup-gfx-main-allocator-block-size=16777216"
    "memorysetup-gfx-thread-allocator-block-size=16777216"
    "memorysetup-cache-allocator-block-size=4194304"
    "memorysetup-typetree-allocator-block-size=2097152"
    "memorysetup-profiler-bucket-allocator-granularity=16"
    "memorysetup-profiler-bucket-allocator-bucket-count=8"
    "memorysetup-profiler-bucket-allocator-block-size=33554432"
    "memorysetup-profiler-bucket-allocator-block-count=8"
    "memorysetup-profiler-allocator-block-size=16777216"
    "memorysetup-profiler-editor-allocator-block-size=1048576"
    "memorysetup-temp-allocator-size-main=16777216"
    "memorysetup-job-temp-allocator-block-size=2097152"
    "memorysetup-job-temp-allocator-block-size-background=1048576"
    "memorysetup-job-temp-allocator-reduction-small-platforms=262144"
    "memorysetup-temp-allocator-size-background-worker=32768"
    "memorysetup-temp-allocator-size-job-worker=262144"
    "memorysetup-temp-allocator-size-preload-manager=33554432"
    "memorysetup-temp-allocator-size-nav-mesh-worker=65536"
    "memorysetup-temp-allocator-size-audio-worker=65536"
    "memorysetup-temp-allocator-size-cloud-worker=32768"
    "memorysetup-temp-allocator-size-gi-baking-worker=262144"
    "memorysetup-temp-allocator-size-gfx=262144"
Refreshing native plugins compatible for Editor in 148.26 ms, found 3 plugins.
Preloading 0 native plugins for Editor in 0.00 ms.
Initialize engine version: 2021.3.14f1 (eee1884e7226)
[Subsystems] Discovering subsystems at path C:/Program Files/Unity/Hub/Editor/2021.3.14f1/Editor/Data/Resources/UnitySubsystems
[Subsystems] Discovering subsystems at path C:/Users/qingc/OneDrive - McGill University/Unity/My project/SpaceShooter/Assets
GfxDevice: creating device client; threaded=0; jobified=0
Direct3D:
    Version:  Direct3D 11.0 [level 11.1]
    Renderer: Intel(R) Iris(R) Xe Graphics (ID=0x46a8)
    Vendor:   Intel
    VRAM:     8034 MB
    Driver:   31.0.101.4255
Initialize mono
Mono path[0] = 'C:/Program Files/Unity/Hub/Editor/2021.3.14f1/Editor/Data/Managed'
Mono path[1] = 'C:/Program Files/Unity/Hub/Editor/2021.3.14f1/Editor/Data/MonoBleedingEdge/lib/mono/unityjit-win32'
Mono config path = 'C:/Program Files/Unity/Hub/Editor/2021.3.14f1/Editor/Data/MonoBleedingEdge/etc'
Using monoOptions --debugger-agent=transport=dt_socket,embedding=1,server=y,suspend=n,address=127.0.0.1:56432
Begin MonoManager ReloadAssembly
Registering precompiled unity dll's ...
Register platform support module: C:/Program Files/Unity/Hub/Editor/2021.3.14f1/Editor/Data/PlaybackEngines/WebGLSupport/UnityEditor.WebGL.Extensions.dll
Register platform support module: C:/Program Files/Unity/Hub/Editor/2021.3.14f1/Editor/Data/PlaybackEngines/AndroidPlayer/UnityEditor.Android.Extensions.dll
Register platform support module: C:/Program Files/Unity/Hub/Editor/2021.3.14f1/Editor/Data/PlaybackEngines/WindowsStandaloneSupport/UnityEditor.WindowsStandalone.Extensions.dll
Registered in 0.008391 seconds.
Native extension for WindowsStandalone target not found
Native extension for Android target not found
Native extension for WebGL target not found
Refreshing native plugins compatible for Editor in 83.14 ms, found 3 plugins.
Preloading 0 native plugins for Editor in 0.00 ms.
Mono: successfully reloaded assembly
- Completed reload, in  0.673 seconds
Domain Reload Profiling:
	ReloadAssembly (674ms)
		BeginReloadAssembly (82ms)
			ExecutionOrderSort (0ms)
			DisableScriptedObjects (0ms)
			BackupInstance (0ms)
			ReleaseScriptingObjects (0ms)
			CreateAndSetChildDomain (1ms)
		EndReloadAssembly (477ms)
			LoadAssemblies (78ms)
			RebuildTransferFunctionScriptingTraits (0ms)
			SetupTypeCache (103ms)
			ReleaseScriptCaches (0ms)
			RebuildScriptCaches (30ms)
			SetupLoadedEditorAssemblies (291ms)
				LogAssemblyErrors (0ms)
				InitializePlatformSupportModulesInManaged (48ms)
				SetLoadedEditorAssemblies (0ms)
				RefreshPlugins (83ms)
				BeforeProcessingInitializeOnLoad (2ms)
				ProcessInitializeOnLoadAttributes (110ms)
				ProcessInitializeOnLoadMethodAttributes (48ms)
				AfterProcessingInitializeOnLoad (0ms)
				EditorAssembliesLoaded (0ms)
			ExecutionOrderSort2 (0ms)
			AwakeInstancesAfterBackupRestoration (0ms)
Platform modules already initialized, skipping
Registering precompiled user dll's ...
Registered in 0.006964 seconds.
Begin MonoManager ReloadAssembly
Symbol file LoadedFromMemory doesn't match image C:\Users\qingc\OneDrive - McGill University\Unity\My project\SpaceShooter\Library\PackageCache\com.unity.visualscripting@1.7.8\Editor\VisualScripting.Core\Dependencies\YamlDotNet\Unity.VisualScripting.YamlDotNet.dll
Symbol file LoadedFromMemory doesn't match image C:\Users\qingc\OneDrive - McGill University\Unity\My project\SpaceShooter\Library\PackageCache\com.unity.visualscripting@1.7.8\Editor\VisualScripting.Core\Dependencies\DotNetZip\Unity.VisualScripting.IonicZip.dll
Native extension for WindowsStandalone target not found
Native extension for Android target not found
Native extension for WebGL target not found
Refreshing native plugins compatible for Editor in 0.78 ms, found 3 plugins.
Preloading 0 native plugins for Editor in 0.00 ms.
Mono: successfully reloaded assembly
- Completed reload, in  1.321 seconds
Domain Reload Profiling:
	ReloadAssembly (1322ms)
		BeginReloadAssembly (119ms)
			ExecutionOrderSort (0ms)
			DisableScriptedObjects (6ms)
			BackupInstance (0ms)
			ReleaseScriptingObjects (0ms)
			CreateAndSetChildDomain (21ms)
		EndReloadAssembly (1081ms)
			LoadAssemblies (95ms)
			RebuildTransferFunctionScriptingTraits (0ms)
			SetupTypeCache (313ms)
			ReleaseScriptCaches (1ms)
			RebuildScriptCaches (61ms)
			SetupLoadedEditorAssemblies (565ms)
				LogAssemblyErrors (0ms)
				InitializePlatformSupportModulesInManaged (20ms)
				SetLoadedEditorAssemblies (1ms)
				RefreshPlugins (1ms)
				BeforeProcessingInitializeOnLoad (111ms)
				ProcessInitializeOnLoadAttributes (394ms)
				ProcessInitializeOnLoadMethodAttributes (29ms)
				AfterProcessingInitializeOnLoad (10ms)
				EditorAssembliesLoaded (0ms)
			ExecutionOrderSort2 (0ms)
			AwakeInstancesAfterBackupRestoration (6ms)
Platform modules already initialized, skipping
========================================================================
Worker process is ready to serve import requests
Launched and connected shader compiler UnityShaderCompiler.exe after 0.10 seconds
Refreshing native plugins compatible for Editor in 0.73 ms, found 3 plugins.
Preloading 0 native plugins for Editor in 0.00 ms.
Unloading 3416 Unused Serialized files (Serialized files now loaded: 0)
Unloading 26 unused Assets / (87.7 KB). Loaded Objects now: 3898.
Memory consumption went from 134.1 MB to 134.0 MB.
Total: 3.351500 ms (FindLiveObjects: 0.320600 ms CreateObjectMapping: 0.092000 ms MarkObjects: 2.829200 ms  DeleteObjects: 0.107900 ms)

AssetImportParameters requested are different than current active one (requested -> active):
  custom:video-decoder-ogg-theora: a1e56fd34408186e4bbccfd4996cb3dc -> 
  custom:container-muxer-webm: aa71ff27fc2769a1b78a27578f13a17b -> 
  custom:container-demuxer-webm: 4f35f7cbe854078d1ac9338744f61a02 -> 
  custom:video-encoder-webm-vp8: eb34c28f22e8b96e1ab97ce403110664 -> 
  custom:video-codec-MediaFoundation-h265: 746d11721c4dcdbdad8f713fa42b33f4 -> 
  custom:audio-encoder-webm-vorbis: bf7c407c2cedff20999df2af8eb42d56 -> 
  custom:framework-win-MediaFoundation: 216162199b28c13a410421893ffa2e32 -> 
  custom:container-demuxer-ogg: 62fdf1f143b41e24485cea50d1cbac27 -> 
  custom:video-decoder-webm-vp8: 9c59270c3fd7afecdb556c50c9e8de78 -> 
  custom:audio-decoder-ogg-vorbis: bf7c407c2cedff20999df2af8eb42d56 -> 
========================================================================
Received Import Request.
  Time since last request: 526403.286574 seconds.
  path: Assets/Prefabs/EnemySpaceCraft  Variant.prefab
  artifactKey: Guid(7110f8badaeeffc43bfd4290325eabcd) Importer(815301076,1909f56bfc062723c751e8b465ee728b)
Start importing Assets/Prefabs/EnemySpaceCraft  Variant.prefab using Guid(7110f8badaeeffc43bfd4290325eabcd) Importer(815301076,1909f56bfc062723c751e8b465ee728b)  -> (artifact id: '6ef98c27553525066aee278f5bf69bd0') in 0.362403 seconds 
========================================================================
Received Import Request.
  Time since last request: 31.853653 seconds.
  path: Assets/Prefabs/EnemyLaser Variant.prefab
  artifactKey: Guid(d7710e9963f8b0f4ab01d19872c3b9ce) Importer(815301076,1909f56bfc062723c751e8b465ee728b)
Start importing Assets/Prefabs/EnemyLaser Variant.prefab using Guid(d7710e9963f8b0f4ab01d19872c3b9ce) Importer(815301076,1909f56bfc062723c751e8b465ee728b)  -> (artifact id: '9c66e7234ff99ab9fe67a655edc129a3') in 0.034052 seconds 
========================================================================
Received Import Request.
  Time since last request: 0.000027 seconds.
  path: Assets/Prefabs/EnemySpaceCraft  Variant.prefab
  artifactKey: Guid(7110f8badaeeffc43bfd4290325eabcd) Importer(815301076,1909f56bfc062723c751e8b465ee728b)
Start importing Assets/Prefabs/EnemySpaceCraft  Variant.prefab using Guid(7110f8badaeeffc43bfd4290325eabcd) Importer(815301076,1909f56bfc062723c751e8b465ee728b)  -> (artifact id: '72e717ef97c569e93a28f7595925eb72') in 0.033797 seconds 
========================================================================
Received Import Request.
  Time since last request: 4.491297 seconds.
  path: Assets/Prefabs/EnemySpaceCraft  Variant.prefab
  artifactKey: Guid(7110f8badaeeffc43bfd4290325eabcd) Importer(815301076,1909f56bfc062723c751e8b465ee728b)
Start importing Assets/Prefabs/EnemySpaceCraft  Variant.prefab using Guid(7110f8badaeeffc43bfd4290325eabcd) Importer(815301076,1909f56bfc062723c751e8b465ee728b)  -> (artifact id: '9cb69923397ab1347c8e2b524a4f1124') in 0.035038 seconds 
========================================================================
Received Import Request.
  Time since last request: 0.000033 seconds.
  path: Assets/Prefabs/Particle System.prefab
  artifactKey: Guid(e1eafdbe8210bee469d2a45a96dd4a61) Importer(815301076,1909f56bfc062723c751e8b465ee728b)
Start importing Assets/Prefabs/Particle System.prefab using Guid(e1eafdbe8210bee469d2a45a96dd4a61) Importer(815301076,1909f56bfc062723c751e8b465ee728b)  -> (artifact id: 'd9aac30fb82ed8433e0e843160233763') in 0.014658 seconds 
========================================================================
Received Import Request.
  Time since last request: 0.937100 seconds.
  path: Assets/Prefabs/EnemySpaceCraft  Variant.prefab
  artifactKey: Guid(7110f8badaeeffc43bfd4290325eabcd) Importer(815301076,1909f56bfc062723c751e8b465ee728b)
Start importing Assets/Prefabs/EnemySpaceCraft  Variant.prefab using Guid(7110f8badaeeffc43bfd4290325eabcd) Importer(815301076,1909f56bfc062723c751e8b465ee728b)  -> (artifact id: 'cab44146a7087238c2833caa0db72b46') in 0.032126 seconds 
========================================================================
Received Import Request.
  Time since last request: 0.411038 seconds.
  path: Assets/Prefabs/EnemySpaceCraft  Variant.prefab
  artifactKey: Guid(7110f8badaeeffc43bfd4290325eabcd) Importer(815301076,1909f56bfc062723c751e8b465ee728b)
Start importing Assets/Prefabs/EnemySpaceCraft  Variant.prefab using Guid(7110f8badaeeffc43bfd4290325eabcd) Importer(815301076,1909f56bfc062723c751e8b465ee728b)  -> (artifact id: '76b8c4b47fbb12c9dc7fa0fdcbdc7a4f') in 0.028453 seconds 
========================================================================
Received Import Request.
  Time since last request: 0.763785 seconds.
  path: Assets/Prefabs/EnemySpaceCraft  Variant.prefab
  artifactKey: Guid(7110f8badaeeffc43bfd4290325eabcd) Importer(815301076,1909f56bfc062723c751e8b465ee728b)
Start importing Assets/Prefabs/EnemySpaceCraft  Variant.prefab using Guid(7110f8badaeeffc43bfd4290325eabcd) Importer(815301076,1909f56bfc062723c751e8b465ee728b)  -> (artifact id: '6ee2a6a8629ee75d12391e76924675e7') in 0.032971 seconds 
========================================================================
Received Import Request.
  Time since last request: 0.584869 seconds.
  path: Assets/Prefabs/EnemySpaceCraft  Variant.prefab
  artifactKey: Guid(7110f8badaeeffc43bfd4290325eabcd) Importer(815301076,1909f56bfc062723c751e8b465ee728b)
Start importing Assets/Prefabs/EnemySpaceCraft  Variant.prefab using Guid(7110f8badaeeffc43bfd4290325eabcd) Importer(815301076,1909f56bfc062723c751e8b465ee728b)  -> (artifact id: 'e4472ac89cf86079d903d1f0bf9ed5de') in 0.032684 seconds 
========================================================================
Received Import Request.
  Time since last request: 0.559724 seconds.
  path: Assets/Prefabs/EnemySpaceCraft  Variant.prefab
  artifactKey: Guid(7110f8badaeeffc43bfd4290325eabcd) Importer(815301076,1909f56bfc062723c751e8b465ee728b)
Start importing Assets/Prefabs/EnemySpaceCraft  Variant.prefab using Guid(7110f8badaeeffc43bfd4290325eabcd) Importer(815301076,1909f56bfc062723c751e8b465ee728b)  -> (artifact id: 'f51635539e516d95ee8c37d1630b7f5c') in 0.033060 seconds 
========================================================================
Received Import Request.
  Time since last request: 0.576898 seconds.
  path: Assets/Prefabs/EnemySpaceCraft  Variant.prefab
  artifactKey: Guid(7110f8badaeeffc43bfd4290325eabcd) Importer(815301076,1909f56bfc062723c751e8b465ee728b)
Start importing Assets/Prefabs/EnemySpaceCraft  Variant.prefab using Guid(7110f8badaeeffc43bfd4290325eabcd) Importer(815301076,1909f56bfc062723c751e8b465ee728b)  -> (artifact id: '0866c248649212406ff3c9e8d761d3a9') in 0.029816 seconds 
========================================================================
Received Import Request.
  Time since last request: 0.793768 seconds.
  path: Assets/Prefabs/EnemySpaceCraft  Variant.prefab
  artifactKey: Guid(7110f8badaeeffc43bfd4290325eabcd) Importer(815301076,1909f56bfc062723c751e8b465ee728b)
Start importing Assets/Prefabs/EnemySpaceCraft  Variant.prefab using Guid(7110f8badaeeffc43bfd4290325eabcd) Importer(815301076,1909f56bfc062723c751e8b465ee728b)  -> (artifact id: '5d9f2f26238f40bd36c5f0b54d2491fe') in 0.051656 seconds 
========================================================================
Received Import Request.
  Time since last request: 0.555639 seconds.
  path: Assets/Prefabs/EnemySpaceCraft  Variant.prefab
  artifactKey: Guid(7110f8badaeeffc43bfd4290325eabcd) Importer(815301076,1909f56bfc062723c751e8b465ee728b)
Start importing Assets/Prefabs/EnemySpaceCraft  Variant.prefab using Guid(7110f8badaeeffc43bfd4290325eabcd) Importer(815301076,1909f56bfc062723c751e8b465ee728b)  -> (artifact id: '5ee16699e1250ec1928ee9df7e85ef7d') in 0.073055 seconds 
========================================================================
Received Import Request.
  Time since last request: 2.575275 seconds.
  path: Assets/Prefabs/EnemySpaceCraft  Variant.prefab
  artifactKey: Guid(7110f8badaeeffc43bfd4290325eabcd) Importer(815301076,1909f56bfc062723c751e8b465ee728b)
Start importing Assets/Prefabs/EnemySpaceCraft  Variant.prefab using Guid(7110f8badaeeffc43bfd4290325eabcd) Importer(815301076,1909f56bfc062723c751e8b465ee728b)  -> (artifact id: 'f4b6711719641ce83ad7faa0a178d3f8') in 0.031145 seconds 
========================================================================
Received Import Request.
  Time since last request: 7.186486 seconds.
  path: Assets/Prefabs/EnemySpaceCraft  Variant.prefab
  artifactKey: Guid(7110f8badaeeffc43bfd4290325eabcd) Importer(815301076,1909f56bfc062723c751e8b465ee728b)
Start importing Assets/Prefabs/EnemySpaceCraft  Variant.prefab using Guid(7110f8badaeeffc43bfd4290325eabcd) Importer(815301076,1909f56bfc062723c751e8b465ee728b)  -> (artifact id: 'daf7df8364b4481260a62d2c95c9bc43') in 0.028337 seconds 
========================================================================
Received Prepare
Registering precompiled user dll's ...
Registered in 0.008539 seconds.
Begin MonoManager ReloadAssembly
Symbol file LoadedFromMemory doesn't match image C:\Users\qingc\OneDrive - McGill University\Unity\My project\SpaceShooter\Library\PackageCache\com.unity.visualscripting@1.7.8\Editor\VisualScripting.Core\Dependencies\YamlDotNet\Unity.VisualScripting.YamlDotNet.dll
Symbol file LoadedFromMemory doesn't match image C:\Users\qingc\OneDrive - McGill University\Unity\My project\SpaceShooter\Library\PackageCache\com.unity.visualscripting@1.7.8\Editor\VisualScripting.Core\Dependencies\DotNetZip\Unity.VisualScripting.IonicZip.dll
Native extension for WindowsStandalone target not found
Native extension for Android target not found
Native extension for WebGL target not found
Refreshing native plugins compatible for Editor in 0.98 ms, found 3 plugins.
Preloading 0 native plugins for Editor in 0.00 ms.
Mono: successfully reloaded assembly
- Completed reload, in  1.879 seconds
Domain Reload Profiling:
	ReloadAssembly (1881ms)
		BeginReloadAssembly (155ms)
			ExecutionOrderSort (0ms)
			DisableScriptedObjects (5ms)
			BackupInstance (0ms)
			ReleaseScriptingObjects (0ms)
			CreateAndSetChildDomain (41ms)
		EndReloadAssembly (1606ms)
			LoadAssemblies (142ms)
			RebuildTransferFunctionScriptingTraits (0ms)
			SetupTypeCache (465ms)
			ReleaseScriptCaches (4ms)
			RebuildScriptCaches (84ms)
			SetupLoadedEditorAssemblies (737ms)
				LogAssemblyErrors (0ms)
				InitializePlatformSupportModulesInManaged (72ms)
				SetLoadedEditorAssemblies (2ms)
				RefreshPlugins (1ms)
				BeforeProcessingInitializeOnLoad (171ms)
				ProcessInitializeOnLoadAttributes (423ms)
				ProcessInitializeOnLoadMethodAttributes (52ms)
				AfterProcessingInitializeOnLoad (16ms)
				EditorAssembliesLoaded (0ms)
			ExecutionOrderSort2 (0ms)
			AwakeInstancesAfterBackupRestoration (14ms)
Platform modules already initialized, skipping
Refreshing native plugins compatible for Editor in 2.66 ms, found 3 plugins.
Preloading 0 native plugins for Editor in 0.00 ms.
Unloading 3398 Unused Serialized files (Serialized files now loaded: 0)
Unloading 21 unused Assets / (81.2 KB). Loaded Objects now: 3910.
Memory consumption went from 137.2 MB to 137.2 MB.
Total: 5.734000 ms (FindLiveObjects: 0.483600 ms CreateObjectMapping: 0.134900 ms MarkObjects: 4.804300 ms  DeleteObjects: 0.309100 ms)

AssetImportParameters requested are different than current active one (requested -> active):
  custom:video-decoder-ogg-theora: a1e56fd34408186e4bbccfd4996cb3dc -> 
  custom:container-muxer-webm: aa71ff27fc2769a1b78a27578f13a17b -> 
  custom:container-demuxer-webm: 4f35f7cbe854078d1ac9338744f61a02 -> 
  custom:video-encoder-webm-vp8: eb34c28f22e8b96e1ab97ce403110664 -> 
  custom:video-codec-MediaFoundation-h265: 746d11721c4dcdbdad8f713fa42b33f4 -> 
  custom:audio-encoder-webm-vorbis: bf7c407c2cedff20999df2af8eb42d56 -> 
  custom:framework-win-MediaFoundation: 216162199b28c13a410421893ffa2e32 -> 
  custom:container-demuxer-ogg: 62fdf1f143b41e24485cea50d1cbac27 -> 
  custom:video-decoder-webm-vp8: 9c59270c3fd7afecdb556c50c9e8de78 -> 
  custom:audio-decoder-ogg-vorbis: bf7c407c2cedff20999df2af8eb42d56 -> 
Editor requested this worker to shutdown with reason: Scaling down because of idle timeout
AssetImportWorker is now disconnected from the server
Process exiting
Exiting without the bug reporter. Application will terminate with return code 0