Using pre-set license
Built from '2021.3/staging' branch; Version is '2021.3.14f1 (eee1884e7226) revision 15655304'; Using compiler version '192829333'; Build Type 'Release'
OS: 'Windows 10  (10.0.19045) 64bit Professional' Language: 'zh' Physical Memory: 16068 MB
BatchMode: 1, IsHumanControllingUs: 0, StartBugReporterOnCrash: 0, Is64bit: 1, IsPro: 1

COMMAND LINE ARGUMENTS:
C:\Program Files\Unity\Hub\Editor\2021.3.14f1\Editor\Unity.exe
-adb2
-batchMode
-noUpm
-name
AssetImportWorker2
-projectPath
C:/Users/qingc/OneDrive - McGill University/Unity/My project/SpaceShooter
-logFile
Logs/AssetImportWorker2.log
-srvPort
62584
Successfully changed project path to: C:/Users/qingc/OneDrive - McGill University/Unity/My project/SpaceShooter
C:/Users/qingc/OneDrive - McGill University/Unity/My project/SpaceShooter
[UnityMemory] Configuration Parameters - Can be set up in boot.config
    "memorysetup-bucket-allocator-granularity=16"
    "memorysetup-bucket-allocator-bucket-count=8"
    "memorysetup-bucket-allocator-block-size=33554432"
    "memorysetup-bucket-allocator-block-count=8"
    "memorysetup-main-allocator-block-size=16777216"
    "memorysetup-thread-allocator-block-size=16777216"
    "memorysetup-gfx-main-allocator-block-size=16777216"
    "memorysetup-gfx-thread-allocator-block-size=16777216"
    "memorysetup-cache-allocator-block-size=4194304"
    "memorysetup-typetree-allocator-block-size=2097152"
    "memorysetup-profiler-bucket-allocator-granularity=16"
    "memorysetup-profiler-bucket-allocator-bucket-count=8"
    "memorysetup-profiler-bucket-allocator-block-size=33554432"
    "memorysetup-profiler-bucket-allocator-block-count=8"
    "memorysetup-profiler-allocator-block-size=16777216"
    "memorysetup-profiler-editor-allocator-block-size=1048576"
    "memorysetup-temp-allocator-size-main=16777216"
    "memorysetup-job-temp-allocator-block-size=2097152"
    "memorysetup-job-temp-allocator-block-size-background=1048576"
    "memorysetup-job-temp-allocator-reduction-small-platforms=262144"
    "memorysetup-temp-allocator-size-background-worker=32768"
    "memorysetup-temp-allocator-size-job-worker=262144"
    "memorysetup-temp-allocator-size-preload-manager=33554432"
    "memorysetup-temp-allocator-size-nav-mesh-worker=65536"
    "memorysetup-temp-allocator-size-audio-worker=65536"
    "memorysetup-temp-allocator-size-cloud-worker=32768"
    "memorysetup-temp-allocator-size-gi-baking-worker=262144"
    "memorysetup-temp-allocator-size-gfx=262144"
Refreshing native plugins compatible for Editor in 193.26 ms, found 3 plugins.
Preloading 0 native plugins for Editor in 0.00 ms.
Initialize engine version: 2021.3.14f1 (eee1884e7226)
[Subsystems] Discovering subsystems at path C:/Program Files/Unity/Hub/Editor/2021.3.14f1/Editor/Data/Resources/UnitySubsystems
[Subsystems] Discovering subsystems at path C:/Users/qingc/OneDrive - McGill University/Unity/My project/SpaceShooter/Assets
GfxDevice: creating device client; threaded=0; jobified=0
Direct3D:
    Version:  Direct3D 11.0 [level 11.1]
    Renderer: Intel(R) Iris(R) Xe Graphics (ID=0x46a8)
    Vendor:   Intel
    VRAM:     8034 MB
    Driver:   31.0.101.4255
Initialize mono
Mono path[0] = 'C:/Program Files/Unity/Hub/Editor/2021.3.14f1/Editor/Data/Managed'
Mono path[1] = 'C:/Program Files/Unity/Hub/Editor/2021.3.14f1/Editor/Data/MonoBleedingEdge/lib/mono/unityjit-win32'
Mono config path = 'C:/Program Files/Unity/Hub/Editor/2021.3.14f1/Editor/Data/MonoBleedingEdge/etc'
Using monoOptions --debugger-agent=transport=dt_socket,embedding=1,server=y,suspend=n,address=127.0.0.1:56872
Begin MonoManager ReloadAssembly
Registering precompiled unity dll's ...
Register platform support module: C:/Program Files/Unity/Hub/Editor/2021.3.14f1/Editor/Data/PlaybackEngines/WebGLSupport/UnityEditor.WebGL.Extensions.dll
Register platform support module: C:/Program Files/Unity/Hub/Editor/2021.3.14f1/Editor/Data/PlaybackEngines/AndroidPlayer/UnityEditor.Android.Extensions.dll
Register platform support module: C:/Program Files/Unity/Hub/Editor/2021.3.14f1/Editor/Data/PlaybackEngines/WindowsStandaloneSupport/UnityEditor.WindowsStandalone.Extensions.dll
Registered in 0.015922 seconds.
Native extension for WindowsStandalone target not found
Native extension for Android target not found
Native extension for WebGL target not found
Refreshing native plugins compatible for Editor in 105.58 ms, found 3 plugins.
Preloading 0 native plugins for Editor in 0.00 ms.
Mono: successfully reloaded assembly
- Completed reload, in  1.102 seconds
Domain Reload Profiling:
	ReloadAssembly (1105ms)
		BeginReloadAssembly (174ms)
			ExecutionOrderSort (0ms)
			DisableScriptedObjects (0ms)
			BackupInstance (0ms)
			ReleaseScriptingObjects (0ms)
			CreateAndSetChildDomain (2ms)
		EndReloadAssembly (771ms)
			LoadAssemblies (169ms)
			RebuildTransferFunctionScriptingTraits (0ms)
			SetupTypeCache (134ms)
			ReleaseScriptCaches (0ms)
			RebuildScriptCaches (63ms)
			SetupLoadedEditorAssemblies (491ms)
				LogAssemblyErrors (0ms)
				InitializePlatformSupportModulesInManaged (108ms)
				SetLoadedEditorAssemblies (0ms)
				RefreshPlugins (106ms)
				BeforeProcessingInitializeOnLoad (2ms)
				ProcessInitializeOnLoadAttributes (176ms)
				ProcessInitializeOnLoadMethodAttributes (99ms)
				AfterProcessingInitializeOnLoad (0ms)
				EditorAssembliesLoaded (0ms)
			ExecutionOrderSort2 (0ms)
			AwakeInstancesAfterBackupRestoration (0ms)
Platform modules already initialized, skipping
Registering precompiled user dll's ...
Registered in 0.022971 seconds.
Begin MonoManager ReloadAssembly
Symbol file LoadedFromMemory doesn't match image C:\Users\qingc\OneDrive - McGill University\Unity\My project\SpaceShooter\Library\PackageCache\com.unity.visualscripting@1.7.8\Editor\VisualScripting.Core\Dependencies\YamlDotNet\Unity.VisualScripting.YamlDotNet.dll
Symbol file LoadedFromMemory doesn't match image C:\Users\qingc\OneDrive - McGill University\Unity\My project\SpaceShooter\Library\PackageCache\com.unity.visualscripting@1.7.8\Editor\VisualScripting.Core\Dependencies\DotNetZip\Unity.VisualScripting.IonicZip.dll
Native extension for WindowsStandalone target not found
Native extension for Android target not found
Native extension for WebGL target not found
Refreshing native plugins compatible for Editor in 1.03 ms, found 3 plugins.
Preloading 0 native plugins for Editor in 0.00 ms.
Mono: successfully reloaded assembly
- Completed reload, in  2.181 seconds
Domain Reload Profiling:
	ReloadAssembly (2182ms)
		BeginReloadAssembly (226ms)
			ExecutionOrderSort (0ms)
			DisableScriptedObjects (14ms)
			BackupInstance (0ms)
			ReleaseScriptingObjects (0ms)
			CreateAndSetChildDomain (32ms)
		EndReloadAssembly (1687ms)
			LoadAssemblies (174ms)
			RebuildTransferFunctionScriptingTraits (0ms)
			SetupTypeCache (556ms)
			ReleaseScriptCaches (1ms)
			RebuildScriptCaches (106ms)
			SetupLoadedEditorAssemblies (771ms)
				LogAssemblyErrors (0ms)
				InitializePlatformSupportModulesInManaged (39ms)
				SetLoadedEditorAssemblies (1ms)
				RefreshPlugins (1ms)
				BeforeProcessingInitializeOnLoad (180ms)
				ProcessInitializeOnLoadAttributes (491ms)
				ProcessInitializeOnLoadMethodAttributes (48ms)
				AfterProcessingInitializeOnLoad (11ms)
				EditorAssembliesLoaded (0ms)
			ExecutionOrderSort2 (0ms)
			AwakeInstancesAfterBackupRestoration (7ms)
Platform modules already initialized, skipping
========================================================================
Worker process is ready to serve import requests
Launched and connected shader compiler UnityShaderCompiler.exe after 0.13 seconds
Refreshing native plugins compatible for Editor in 0.50 ms, found 3 plugins.
Preloading 0 native plugins for Editor in 0.00 ms.
Unloading 3351 Unused Serialized files (Serialized files now loaded: 0)
Unloading 27 unused Assets / (113.4 KB). Loaded Objects now: 3810.
Memory consumption went from 115.5 MB to 115.3 MB.
Total: 3.694400 ms (FindLiveObjects: 0.368900 ms CreateObjectMapping: 0.140400 ms MarkObjects: 3.050100 ms  DeleteObjects: 0.133600 ms)

AssetImportParameters requested are different than current active one (requested -> active):
  custom:video-decoder-ogg-theora: a1e56fd34408186e4bbccfd4996cb3dc -> 
  custom:container-muxer-webm: aa71ff27fc2769a1b78a27578f13a17b -> 
  custom:container-demuxer-webm: 4f35f7cbe854078d1ac9338744f61a02 -> 
  custom:video-encoder-webm-vp8: eb34c28f22e8b96e1ab97ce403110664 -> 
  custom:video-codec-MediaFoundation-h265: 746d11721c4dcdbdad8f713fa42b33f4 -> 
  custom:audio-encoder-webm-vorbis: bf7c407c2cedff20999df2af8eb42d56 -> 
  custom:framework-win-MediaFoundation: 216162199b28c13a410421893ffa2e32 -> 
  custom:container-demuxer-ogg: 62fdf1f143b41e24485cea50d1cbac27 -> 
  custom:video-decoder-webm-vp8: 9c59270c3fd7afecdb556c50c9e8de78 -> 
  custom:audio-decoder-ogg-vorbis: bf7c407c2cedff20999df2af8eb42d56 -> 
========================================================================
Received Import Request.
  Time since last request: 288067.356417 seconds.
  path: Assets/Prefabs/EnemySpaceCraft  Variant.prefab
  artifactKey: Guid(7110f8badaeeffc43bfd4290325eabcd) Importer(815301076,1909f56bfc062723c751e8b465ee728b)
Start importing Assets/Prefabs/EnemySpaceCraft  Variant.prefab using Guid(7110f8badaeeffc43bfd4290325eabcd) Importer(815301076,1909f56bfc062723c751e8b465ee728b)  -> (artifact id: 'b35e32cc0a3744962017558b7db728d2') in 0.326357 seconds 
========================================================================
Received Import Request.
  Time since last request: 1.473790 seconds.
  path: Assets/Prefabs/Laser.prefab
  artifactKey: Guid(f06f8799e72956d428b4630552134e2d) Importer(815301076,1909f56bfc062723c751e8b465ee728b)
Start importing Assets/Prefabs/Laser.prefab using Guid(f06f8799e72956d428b4630552134e2d) Importer(815301076,1909f56bfc062723c751e8b465ee728b)  -> (artifact id: '80b6fac7b31bf3648e4a06aedccea721') in 0.026387 seconds 
========================================================================
Received Import Request.
  Time since last request: 38.270226 seconds.
  path: Assets/Prefabs/EnemyLaser Variant.prefab
  artifactKey: Guid(d7710e9963f8b0f4ab01d19872c3b9ce) Importer(815301076,1909f56bfc062723c751e8b465ee728b)
Start importing Assets/Prefabs/EnemyLaser Variant.prefab using Guid(d7710e9963f8b0f4ab01d19872c3b9ce) Importer(815301076,1909f56bfc062723c751e8b465ee728b)  -> (artifact id: '46bc960565467b384fbd092f4f7be313') in 0.020990 seconds 
========================================================================
Received Import Request.
  Time since last request: 20.714919 seconds.
  path: Assets/Materials/Laser 1.mat
  artifactKey: Guid(6057519c7e1f7e143987a0ac3c45743a) Importer(815301076,1909f56bfc062723c751e8b465ee728b)
Start importing Assets/Materials/Laser 1.mat using Guid(6057519c7e1f7e143987a0ac3c45743a) Importer(815301076,1909f56bfc062723c751e8b465ee728b)  -> (artifact id: '9cf0e82a2cc22d264cc13f7037c1f340') in 0.069636 seconds 
========================================================================
Received Import Request.
  Time since last request: 9.618902 seconds.
  path: Assets/Materials/EnemyLaser.mat
  artifactKey: Guid(6057519c7e1f7e143987a0ac3c45743a) Importer(815301076,1909f56bfc062723c751e8b465ee728b)
Start importing Assets/Materials/EnemyLaser.mat using Guid(6057519c7e1f7e143987a0ac3c45743a) Importer(815301076,1909f56bfc062723c751e8b465ee728b)  -> (artifact id: '8bf8960098e8978e9a92ad6833e4bc76') in 0.025033 seconds 
========================================================================
Received Import Request.
  Time since last request: 77.497815 seconds.
  path: Assets/Prefabs/EnemyLaser Variant.prefab
  artifactKey: Guid(d7710e9963f8b0f4ab01d19872c3b9ce) Importer(815301076,1909f56bfc062723c751e8b465ee728b)
Start importing Assets/Prefabs/EnemyLaser Variant.prefab using Guid(d7710e9963f8b0f4ab01d19872c3b9ce) Importer(815301076,1909f56bfc062723c751e8b465ee728b)  -> (artifact id: '02b9d369efe522b1ea2e1f10b5a546d5') in 0.022306 seconds 
========================================================================
Received Import Request.
  Time since last request: 27.733532 seconds.
  path: Assets/Prefabs/rocksTall.prefab
  artifactKey: Guid(078a2a1edd13cd346bb69c5d2fef7886) Importer(815301076,1909f56bfc062723c751e8b465ee728b)
Start importing Assets/Prefabs/rocksTall.prefab using Guid(078a2a1edd13cd346bb69c5d2fef7886) Importer(815301076,1909f56bfc062723c751e8b465ee728b)  -> (artifact id: '8aff7c862593bb73c0d8a5b6281ddc6d') in 0.023864 seconds 
========================================================================
Received Import Request.
  Time since last request: 0.000049 seconds.
  path: Assets/Prefabs/rocksTallOre.prefab
  artifactKey: Guid(f8e4d627bbfb848438ff6c6c90781cbe) Importer(815301076,1909f56bfc062723c751e8b465ee728b)
Start importing Assets/Prefabs/rocksTallOre.prefab using Guid(f8e4d627bbfb848438ff6c6c90781cbe) Importer(815301076,1909f56bfc062723c751e8b465ee728b)  -> (artifact id: '08ebd487eb62408a83c8a087b218e766') in 0.025022 seconds 
========================================================================
Received Import Request.
  Time since last request: 0.000034 seconds.
  path: Assets/Prefabs/rocksSmall.prefab
  artifactKey: Guid(cbccf13ef8eae044a9c37968eb75c7a6) Importer(815301076,1909f56bfc062723c751e8b465ee728b)
Start importing Assets/Prefabs/rocksSmall.prefab using Guid(cbccf13ef8eae044a9c37968eb75c7a6) Importer(815301076,1909f56bfc062723c751e8b465ee728b)  -> (artifact id: 'c2e990377f0e203d462f700dde6a95c8') in 0.020026 seconds 
========================================================================
Received Import Request.
  Time since last request: 307.181831 seconds.
  path: Assets/Prefabs/EnemyLaser Variant.prefab
  artifactKey: Guid(d7710e9963f8b0f4ab01d19872c3b9ce) Importer(815301076,1909f56bfc062723c751e8b465ee728b)
Start importing Assets/Prefabs/EnemyLaser Variant.prefab using Guid(d7710e9963f8b0f4ab01d19872c3b9ce) Importer(815301076,1909f56bfc062723c751e8b465ee728b)  -> (artifact id: '67025a4c331ae9d6402786137c4b0d2b') in 0.026609 seconds 
========================================================================
Received Import Request.
  Time since last request: 615.607283 seconds.
  path: Assets/Prefabs/rock_crystals.prefab
  artifactKey: Guid(c33445379e747d542b2f1f0297c23f2c) Importer(815301076,1909f56bfc062723c751e8b465ee728b)
Start importing Assets/Prefabs/rock_crystals.prefab using Guid(c33445379e747d542b2f1f0297c23f2c) Importer(815301076,1909f56bfc062723c751e8b465ee728b)  -> (artifact id: '5bef35fae4dca9a90e4ddbbdbed7569f') in 0.022272 seconds 
========================================================================
Received Import Request.
  Time since last request: 2.121579 seconds.
  path: Assets/Prefabs/rock_largeB.prefab
  artifactKey: Guid(52608607e7e3c2b40846e3263ba178a7) Importer(815301076,1909f56bfc062723c751e8b465ee728b)
Start importing Assets/Prefabs/rock_largeB.prefab using Guid(52608607e7e3c2b40846e3263ba178a7) Importer(815301076,1909f56bfc062723c751e8b465ee728b)  -> (artifact id: 'cdd671063f8aea0f8759566217f8771b') in 0.026683 seconds 
========================================================================
Received Import Request.
  Time since last request: 8.541200 seconds.
  path: Assets/Prefabs/rock_largeA.prefab
  artifactKey: Guid(74e47b1e341e6f743a67b5594d2845c8) Importer(815301076,1909f56bfc062723c751e8b465ee728b)
Start importing Assets/Prefabs/rock_largeA.prefab using Guid(74e47b1e341e6f743a67b5594d2845c8) Importer(815301076,1909f56bfc062723c751e8b465ee728b)  -> (artifact id: 'cb9374c48271a52587e976ad9a3f1611') in 0.020819 seconds 
