Using pre-set license
Built from '2021.3/staging' branch; Version is '2021.3.14f1 (eee1884e7226) revision 15655304'; Using compiler version '192829333'; Build Type 'Release'
OS: 'Windows 10  (10.0.19045) 64bit Professional' Language: 'zh' Physical Memory: 16068 MB
BatchMode: 1, IsHumanControllingUs: 0, StartBugReporterOnCrash: 0, Is64bit: 1, IsPro: 1

COMMAND LINE ARGUMENTS:
C:\Program Files\Unity\Hub\Editor\2021.3.14f1\Editor\Unity.exe
-adb2
-batchMode
-noUpm
-name
AssetImportWorker4
-projectPath
C:/Users/qingc/OneDrive - McGill University/Unity/My project/SpaceShooter
-logFile
Logs/AssetImportWorker4.log
-srvPort
57214
Successfully changed project path to: C:/Users/qingc/OneDrive - McGill University/Unity/My project/SpaceShooter
C:/Users/qingc/OneDrive - McGill University/Unity/My project/SpaceShooter
[UnityMemory] Configuration Parameters - Can be set up in boot.config
    "memorysetup-bucket-allocator-granularity=16"
    "memorysetup-bucket-allocator-bucket-count=8"
    "memorysetup-bucket-allocator-block-size=33554432"
    "memorysetup-bucket-allocator-block-count=8"
    "memorysetup-main-allocator-block-size=16777216"
    "memorysetup-thread-allocator-block-size=16777216"
    "memorysetup-gfx-main-allocator-block-size=16777216"
    "memorysetup-gfx-thread-allocator-block-size=16777216"
    "memorysetup-cache-allocator-block-size=4194304"
    "memorysetup-typetree-allocator-block-size=2097152"
    "memorysetup-profiler-bucket-allocator-granularity=16"
    "memorysetup-profiler-bucket-allocator-bucket-count=8"
    "memorysetup-profiler-bucket-allocator-block-size=33554432"
    "memorysetup-profiler-bucket-allocator-block-count=8"
    "memorysetup-profiler-allocator-block-size=16777216"
    "memorysetup-profiler-editor-allocator-block-size=1048576"
    "memorysetup-temp-allocator-size-main=16777216"
    "memorysetup-job-temp-allocator-block-size=2097152"
    "memorysetup-job-temp-allocator-block-size-background=1048576"
    "memorysetup-job-temp-allocator-reduction-small-platforms=262144"
    "memorysetup-temp-allocator-size-background-worker=32768"
    "memorysetup-temp-allocator-size-job-worker=262144"
    "memorysetup-temp-allocator-size-preload-manager=33554432"
    "memorysetup-temp-allocator-size-nav-mesh-worker=65536"
    "memorysetup-temp-allocator-size-audio-worker=65536"
    "memorysetup-temp-allocator-size-cloud-worker=32768"
    "memorysetup-temp-allocator-size-gi-baking-worker=262144"
    "memorysetup-temp-allocator-size-gfx=262144"
Refreshing native plugins compatible for Editor in 143.84 ms, found 3 plugins.
Preloading 0 native plugins for Editor in 0.00 ms.
Initialize engine version: 2021.3.14f1 (eee1884e7226)
[Subsystems] Discovering subsystems at path C:/Program Files/Unity/Hub/Editor/2021.3.14f1/Editor/Data/Resources/UnitySubsystems
[Subsystems] Discovering subsystems at path C:/Users/qingc/OneDrive - McGill University/Unity/My project/SpaceShooter/Assets
GfxDevice: creating device client; threaded=0; jobified=0
Direct3D:
    Version:  Direct3D 11.0 [level 11.1]
    Renderer: Intel(R) Iris(R) Xe Graphics (ID=0x46a8)
    Vendor:   Intel
    VRAM:     8034 MB
    Driver:   31.0.101.4255
Initialize mono
Mono path[0] = 'C:/Program Files/Unity/Hub/Editor/2021.3.14f1/Editor/Data/Managed'
Mono path[1] = 'C:/Program Files/Unity/Hub/Editor/2021.3.14f1/Editor/Data/MonoBleedingEdge/lib/mono/unityjit-win32'
Mono config path = 'C:/Program Files/Unity/Hub/Editor/2021.3.14f1/Editor/Data/MonoBleedingEdge/etc'
Using monoOptions --debugger-agent=transport=dt_socket,embedding=1,server=y,suspend=n,address=127.0.0.1:56616
Begin MonoManager ReloadAssembly
Registering precompiled unity dll's ...
Register platform support module: C:/Program Files/Unity/Hub/Editor/2021.3.14f1/Editor/Data/PlaybackEngines/WebGLSupport/UnityEditor.WebGL.Extensions.dll
Register platform support module: C:/Program Files/Unity/Hub/Editor/2021.3.14f1/Editor/Data/PlaybackEngines/AndroidPlayer/UnityEditor.Android.Extensions.dll
Register platform support module: C:/Program Files/Unity/Hub/Editor/2021.3.14f1/Editor/Data/PlaybackEngines/WindowsStandaloneSupport/UnityEditor.WindowsStandalone.Extensions.dll
Registered in 0.012117 seconds.
Native extension for WindowsStandalone target not found
Native extension for Android target not found
Native extension for WebGL target not found
Refreshing native plugins compatible for Editor in 269.43 ms, found 3 plugins.
Preloading 0 native plugins for Editor in 0.00 ms.
Mono: successfully reloaded assembly
- Completed reload, in  1.267 seconds
Domain Reload Profiling:
	ReloadAssembly (1268ms)
		BeginReloadAssembly (96ms)
			ExecutionOrderSort (0ms)
			DisableScriptedObjects (0ms)
			BackupInstance (0ms)
			ReleaseScriptingObjects (0ms)
			CreateAndSetChildDomain (1ms)
		EndReloadAssembly (986ms)
			LoadAssemblies (95ms)
			RebuildTransferFunctionScriptingTraits (0ms)
			SetupTypeCache (181ms)
			ReleaseScriptCaches (0ms)
			RebuildScriptCaches (63ms)
			SetupLoadedEditorAssemblies (638ms)
				LogAssemblyErrors (0ms)
				InitializePlatformSupportModulesInManaged (81ms)
				SetLoadedEditorAssemblies (0ms)
				RefreshPlugins (270ms)
				BeforeProcessingInitializeOnLoad (2ms)
				ProcessInitializeOnLoadAttributes (195ms)
				ProcessInitializeOnLoadMethodAttributes (90ms)
				AfterProcessingInitializeOnLoad (0ms)
				EditorAssembliesLoaded (0ms)
			ExecutionOrderSort2 (0ms)
			AwakeInstancesAfterBackupRestoration (0ms)
Platform modules already initialized, skipping
Registering precompiled user dll's ...
Registered in 0.016386 seconds.
Begin MonoManager ReloadAssembly
Symbol file LoadedFromMemory doesn't match image C:\Users\qingc\OneDrive - McGill University\Unity\My project\SpaceShooter\Library\PackageCache\com.unity.visualscripting@1.7.8\Editor\VisualScripting.Core\Dependencies\YamlDotNet\Unity.VisualScripting.YamlDotNet.dll
Symbol file LoadedFromMemory doesn't match image C:\Users\qingc\OneDrive - McGill University\Unity\My project\SpaceShooter\Library\PackageCache\com.unity.visualscripting@1.7.8\Editor\VisualScripting.Core\Dependencies\DotNetZip\Unity.VisualScripting.IonicZip.dll
Native extension for WindowsStandalone target not found
Native extension for Android target not found
Native extension for WebGL target not found
Refreshing native plugins compatible for Editor in 0.54 ms, found 3 plugins.
Preloading 0 native plugins for Editor in 0.00 ms.
Mono: successfully reloaded assembly
- Completed reload, in  1.071 seconds
Domain Reload Profiling:
	ReloadAssembly (1072ms)
		BeginReloadAssembly (105ms)
			ExecutionOrderSort (0ms)
			DisableScriptedObjects (7ms)
			BackupInstance (0ms)
			ReleaseScriptingObjects (0ms)
			CreateAndSetChildDomain (17ms)
		EndReloadAssembly (846ms)
			LoadAssemblies (83ms)
			RebuildTransferFunctionScriptingTraits (0ms)
			SetupTypeCache (260ms)
			ReleaseScriptCaches (0ms)
			RebuildScriptCaches (63ms)
			SetupLoadedEditorAssemblies (397ms)
				LogAssemblyErrors (0ms)
				InitializePlatformSupportModulesInManaged (16ms)
				SetLoadedEditorAssemblies (0ms)
				RefreshPlugins (1ms)
				BeforeProcessingInitializeOnLoad (90ms)
				ProcessInitializeOnLoadAttributes (255ms)
				ProcessInitializeOnLoadMethodAttributes (25ms)
				AfterProcessingInitializeOnLoad (9ms)
				EditorAssembliesLoaded (0ms)
			ExecutionOrderSort2 (0ms)
			AwakeInstancesAfterBackupRestoration (6ms)
Platform modules already initialized, skipping
========================================================================
Worker process is ready to serve import requests
Launched and connected shader compiler UnityShaderCompiler.exe after 0.05 seconds
Refreshing native plugins compatible for Editor in 0.64 ms, found 3 plugins.
Preloading 0 native plugins for Editor in 0.00 ms.
Unloading 3351 Unused Serialized files (Serialized files now loaded: 0)
Unloading 27 unused Assets / (113.4 KB). Loaded Objects now: 3810.
Memory consumption went from 115.4 MB to 115.3 MB.
Total: 5.374600 ms (FindLiveObjects: 0.388800 ms CreateObjectMapping: 0.237300 ms MarkObjects: 4.597100 ms  DeleteObjects: 0.149800 ms)

AssetImportParameters requested are different than current active one (requested -> active):
  custom:video-decoder-ogg-theora: a1e56fd34408186e4bbccfd4996cb3dc -> 
  custom:container-muxer-webm: aa71ff27fc2769a1b78a27578f13a17b -> 
  custom:container-demuxer-webm: 4f35f7cbe854078d1ac9338744f61a02 -> 
  custom:video-encoder-webm-vp8: eb34c28f22e8b96e1ab97ce403110664 -> 
  custom:video-codec-MediaFoundation-h265: 746d11721c4dcdbdad8f713fa42b33f4 -> 
  custom:audio-encoder-webm-vorbis: bf7c407c2cedff20999df2af8eb42d56 -> 
  custom:framework-win-MediaFoundation: 216162199b28c13a410421893ffa2e32 -> 
  custom:container-demuxer-ogg: 62fdf1f143b41e24485cea50d1cbac27 -> 
  custom:video-decoder-webm-vp8: 9c59270c3fd7afecdb556c50c9e8de78 -> 
  custom:audio-decoder-ogg-vorbis: bf7c407c2cedff20999df2af8eb42d56 -> 
========================================================================
Received Import Request.
  Time since last request: 197268.875472 seconds.
  path: Assets/Model/Kenney Assets/Space Kit/Models/metalTileLarge.fbx
  artifactKey: Guid(800108f0c70f4a040b88d5b5ccc8da0b) Importer(815301076,1909f56bfc062723c751e8b465ee728b)
Start importing Assets/Model/Kenney Assets/Space Kit/Models/metalTileLarge.fbx using Guid(800108f0c70f4a040b88d5b5ccc8da0b) Importer(815301076,1909f56bfc062723c751e8b465ee728b)  -> (artifact id: '1afcadcf740bb00f1ba4f1b8dbe4a503') in 0.535448 seconds 
========================================================================
Received Import Request.
  Time since last request: 0.288591 seconds.
  path: Assets/Model/Kenney Assets/Space Kit/Models/spaceCraft5.fbx
  artifactKey: Guid(842bf22ba409fb74ab5d73233d377f91) Importer(815301076,1909f56bfc062723c751e8b465ee728b)
Start importing Assets/Model/Kenney Assets/Space Kit/Models/spaceCraft5.fbx using Guid(842bf22ba409fb74ab5d73233d377f91) Importer(815301076,1909f56bfc062723c751e8b465ee728b)  -> (artifact id: '17dd53d95c4471aba1739cfeb56e8562') in 0.063951 seconds 
========================================================================
Received Import Request.
  Time since last request: 0.000049 seconds.
  path: Assets/Model/Kenney Assets/Space Kit/Models/stairsLong.fbx
  artifactKey: Guid(4244d48b4b7c5c6499e884286bcf6cca) Importer(815301076,1909f56bfc062723c751e8b465ee728b)
Start importing Assets/Model/Kenney Assets/Space Kit/Models/stairsLong.fbx using Guid(4244d48b4b7c5c6499e884286bcf6cca) Importer(815301076,1909f56bfc062723c751e8b465ee728b)  -> (artifact id: 'f3dc43a1959eca33e2a241f84aa777ae') in 0.056632 seconds 
========================================================================
Received Import Request.
  Time since last request: 393.470837 seconds.
  path: Assets/Model/FBX format
  artifactKey: Guid(c63f1823040f0c543b6a913770f17c8a) Importer(815301076,1909f56bfc062723c751e8b465ee728b)
Start importing Assets/Model/FBX format using Guid(c63f1823040f0c543b6a913770f17c8a) Importer(815301076,1909f56bfc062723c751e8b465ee728b)  -> (artifact id: '97d02447e60526d4ae4fd3a078d9e7f1') in 0.014094 seconds 
========================================================================
Received Import Request.
  Time since last request: 0.026159 seconds.
  path: Assets/Model/FBX format/alien.fbx
  artifactKey: Guid(0f82991674672cf43ad9cc442aa0b07d) Importer(815301076,1909f56bfc062723c751e8b465ee728b)
Start importing Assets/Model/FBX format/alien.fbx using Guid(0f82991674672cf43ad9cc442aa0b07d) Importer(815301076,1909f56bfc062723c751e8b465ee728b)  -> (artifact id: 'f648a0c0de140bfae775afe45f3d3b9f') in 0.232778 seconds 
========================================================================
Received Import Request.
  Time since last request: 0.000030 seconds.
  path: Assets/Model/FBX format/craft_speederC.fbx
  artifactKey: Guid(ac6607eb787e3734eb2f7c5944cfdcff) Importer(815301076,1909f56bfc062723c751e8b465ee728b)
Start importing Assets/Model/FBX format/craft_speederC.fbx using Guid(ac6607eb787e3734eb2f7c5944cfdcff) Importer(815301076,1909f56bfc062723c751e8b465ee728b)  -> (artifact id: 'e920668ba52586a5c795a6bc97796a94') in 0.080966 seconds 
========================================================================
Received Import Request.
  Time since last request: 0.000064 seconds.
  path: Assets/Model/FBX format/desk_computerCorner.fbx
  artifactKey: Guid(b8cf34f9a640d0143b5cc6a7853698ff) Importer(815301076,1909f56bfc062723c751e8b465ee728b)
Start importing Assets/Model/FBX format/desk_computerCorner.fbx using Guid(b8cf34f9a640d0143b5cc6a7853698ff) Importer(815301076,1909f56bfc062723c751e8b465ee728b)  -> (artifact id: '4837d27348d51ac96752d00fbf732f7f') in 0.046281 seconds 
========================================================================
Received Import Request.
  Time since last request: 0.000076 seconds.
  path: Assets/Model/FBX format/astronautB.fbx
  artifactKey: Guid(8252f645dd85d434b90f303ba22b36b2) Importer(815301076,1909f56bfc062723c751e8b465ee728b)
Start importing Assets/Model/FBX format/astronautB.fbx using Guid(8252f645dd85d434b90f303ba22b36b2) Importer(815301076,1909f56bfc062723c751e8b465ee728b)  -> (artifact id: '3a6f2d8dba4416e15fa3f6eb3a62430a') in 0.153468 seconds 
========================================================================
Received Import Request.
  Time since last request: 0.000075 seconds.
  path: Assets/Model/FBX format/corridor_end.fbx
  artifactKey: Guid(1b24562238f820646b92ac0bb37f2c0f) Importer(815301076,1909f56bfc062723c751e8b465ee728b)
Start importing Assets/Model/FBX format/corridor_end.fbx using Guid(1b24562238f820646b92ac0bb37f2c0f) Importer(815301076,1909f56bfc062723c751e8b465ee728b)  -> (artifact id: '3be77c17c7d98057ad8607cb9585e563') in 0.080331 seconds 
========================================================================
Received Import Request.
  Time since last request: 0.000083 seconds.
  path: Assets/Model/FBX format/corridor.fbx
  artifactKey: Guid(d5411335bcc322041989dccff90d0950) Importer(815301076,1909f56bfc062723c751e8b465ee728b)
Start importing Assets/Model/FBX format/corridor.fbx using Guid(d5411335bcc322041989dccff90d0950) Importer(815301076,1909f56bfc062723c751e8b465ee728b)  -> (artifact id: '7eba9ebeb26945235616651d9b99a0aa') in 0.082804 seconds 
========================================================================
Received Import Request.
  Time since last request: 0.000046 seconds.
  path: Assets/Model/FBX format/craft_speederB.fbx
  artifactKey: Guid(ba86c507b25860f419b7753b5eb5d9ac) Importer(815301076,1909f56bfc062723c751e8b465ee728b)
Start importing Assets/Model/FBX format/craft_speederB.fbx using Guid(ba86c507b25860f419b7753b5eb5d9ac) Importer(815301076,1909f56bfc062723c751e8b465ee728b)  -> (artifact id: '4900d8342e7f1d45b2efdfb54052484f') in 0.065019 seconds 
========================================================================
Received Import Request.
  Time since last request: 0.000030 seconds.
  path: Assets/Model/FBX format/crater.fbx
  artifactKey: Guid(e73828efa858047448d234c856511320) Importer(815301076,1909f56bfc062723c751e8b465ee728b)
Start importing Assets/Model/FBX format/crater.fbx using Guid(e73828efa858047448d234c856511320) Importer(815301076,1909f56bfc062723c751e8b465ee728b)  -> (artifact id: 'f6ae4a9756fcef2145ab02f77f0d6620') in 0.062026 seconds 
========================================================================
Received Import Request.
  Time since last request: 0.000051 seconds.
  path: Assets/Model/FBX format/craft_cargoB.fbx
  artifactKey: Guid(66f6eb69ca26dc342bca7b60ac7ab9d1) Importer(815301076,1909f56bfc062723c751e8b465ee728b)
Start importing Assets/Model/FBX format/craft_cargoB.fbx using Guid(66f6eb69ca26dc342bca7b60ac7ab9d1) Importer(815301076,1909f56bfc062723c751e8b465ee728b)  -> (artifact id: 'be89abc014d0a40179b669f20a99b099') in 0.061594 seconds 
========================================================================
Received Import Request.
  Time since last request: 0.000065 seconds.
  path: Assets/Model/FBX format/barrels_rail.fbx
  artifactKey: Guid(3a34d7ea471f0d042a14c9d4f9ecb69a) Importer(815301076,1909f56bfc062723c751e8b465ee728b)
Start importing Assets/Model/FBX format/barrels_rail.fbx using Guid(3a34d7ea471f0d042a14c9d4f9ecb69a) Importer(815301076,1909f56bfc062723c751e8b465ee728b)  -> (artifact id: '71c31ec06fe19d278ed3d3354130806c') in 0.092564 seconds 
========================================================================
Received Import Request.
  Time since last request: 0.000044 seconds.
  path: Assets/Model/FBX format/corridor_cross.fbx
  artifactKey: Guid(57be3e1a52e6f4244a5403b6d33ed396) Importer(815301076,1909f56bfc062723c751e8b465ee728b)
Start importing Assets/Model/FBX format/corridor_cross.fbx using Guid(57be3e1a52e6f4244a5403b6d33ed396) Importer(815301076,1909f56bfc062723c751e8b465ee728b)  -> (artifact id: '0e498c79e9b0fdd1b63ecc1f05da1490') in 0.055223 seconds 
========================================================================
Received Import Request.
  Time since last request: 0.000026 seconds.
  path: Assets/Model/FBX format/craft_cargoA.fbx
  artifactKey: Guid(3f5a4f6d1fab61e4e9073b285c743fd6) Importer(815301076,1909f56bfc062723c751e8b465ee728b)
Start importing Assets/Model/FBX format/craft_cargoA.fbx using Guid(3f5a4f6d1fab61e4e9073b285c743fd6) Importer(815301076,1909f56bfc062723c751e8b465ee728b)  -> (artifact id: 'de25acf6be747e2b221d7b3e728cc49d') in 0.055216 seconds 
========================================================================
Received Import Request.
  Time since last request: 0.000043 seconds.
  path: Assets/Model/FBX format/barrel.fbx
  artifactKey: Guid(205834fc32a46e041899fe1a8c177ee8) Importer(815301076,1909f56bfc062723c751e8b465ee728b)
Start importing Assets/Model/FBX format/barrel.fbx using Guid(205834fc32a46e041899fe1a8c177ee8) Importer(815301076,1909f56bfc062723c751e8b465ee728b)  -> (artifact id: '1eb607597f17b39e0e6d11e5e0af958a') in 0.047268 seconds 
========================================================================
Received Import Request.
  Time since last request: 0.000149 seconds.
  path: Assets/Model/FBX format/desk_computer.fbx
  artifactKey: Guid(da064be0c940e9546838bccb328f6839) Importer(815301076,1909f56bfc062723c751e8b465ee728b)
Start importing Assets/Model/FBX format/desk_computer.fbx using Guid(da064be0c940e9546838bccb328f6839) Importer(815301076,1909f56bfc062723c751e8b465ee728b)  -> (artifact id: 'd4595595581669b53bebc0c3f052f1d7') in 0.064343 seconds 
========================================================================
Received Import Request.
  Time since last request: 0.000042 seconds.
  path: Assets/Model/FBX format/corridor_wall.fbx
  artifactKey: Guid(76fb777c711cd844994ce1276c79aed0) Importer(815301076,1909f56bfc062723c751e8b465ee728b)
Start importing Assets/Model/FBX format/corridor_wall.fbx using Guid(76fb777c711cd844994ce1276c79aed0) Importer(815301076,1909f56bfc062723c751e8b465ee728b)  -> (artifact id: 'e38fca1b25f040ef74f748dc3fcf7e4b') in 0.052145 seconds 
========================================================================
Received Import Request.
  Time since last request: 0.000057 seconds.
  path: Assets/Model/FBX format/bones.fbx
  artifactKey: Guid(4e161fd539ecb0e4b8a6f66a61a924b8) Importer(815301076,1909f56bfc062723c751e8b465ee728b)
Start importing Assets/Model/FBX format/bones.fbx using Guid(4e161fd539ecb0e4b8a6f66a61a924b8) Importer(815301076,1909f56bfc062723c751e8b465ee728b)  -> (artifact id: '335739580e584e44c30e4900afcd7346') in 0.032172 seconds 
========================================================================
Received Import Request.
  Time since last request: 0.000041 seconds.
  path: Assets/Model/FBX format/barrels.fbx
  artifactKey: Guid(0a09294b6a326bf47b042bd291fb4209) Importer(815301076,1909f56bfc062723c751e8b465ee728b)
Start importing Assets/Model/FBX format/barrels.fbx using Guid(0a09294b6a326bf47b042bd291fb4209) Importer(815301076,1909f56bfc062723c751e8b465ee728b)  -> (artifact id: '6e3808be73fbf621511b6a4d4f3cde1e') in 0.094600 seconds 
========================================================================
Received Import Request.
  Time since last request: 0.000032 seconds.
  path: Assets/Model/FBX format/desk_chairStool.fbx
  artifactKey: Guid(8a1ae446ee1e06949a9bc54e96f55728) Importer(815301076,1909f56bfc062723c751e8b465ee728b)
Start importing Assets/Model/FBX format/desk_chairStool.fbx using Guid(8a1ae446ee1e06949a9bc54e96f55728) Importer(815301076,1909f56bfc062723c751e8b465ee728b)  -> (artifact id: '1bf6f8ce8a14a27a8c531cc43fced15e') in 0.051753 seconds 
========================================================================
Received Import Request.
  Time since last request: 0.000035 seconds.
  path: Assets/Model/FBX format/craft_speederD.fbx
  artifactKey: Guid(4c71b2ab86d7a244d8b026aac246c60c) Importer(815301076,1909f56bfc062723c751e8b465ee728b)
Start importing Assets/Model/FBX format/craft_speederD.fbx using Guid(4c71b2ab86d7a244d8b026aac246c60c) Importer(815301076,1909f56bfc062723c751e8b465ee728b)  -> (artifact id: 'bfb9d0ca5e67d74816c52864523390ac') in 0.074318 seconds 
========================================================================
Received Import Request.
  Time since last request: 0.334892 seconds.
  path: Assets/Model/FBX format/hangar_largeA.fbx
  artifactKey: Guid(e29aae251742cb2408ec08f09ee06d8d) Importer(815301076,1909f56bfc062723c751e8b465ee728b)
Start importing Assets/Model/FBX format/hangar_largeA.fbx using Guid(e29aae251742cb2408ec08f09ee06d8d) Importer(815301076,1909f56bfc062723c751e8b465ee728b)  -> (artifact id: '3761c3605d8b862f0e1bf47e8d488dab') in 0.064450 seconds 
========================================================================
Received Import Request.
  Time since last request: 0.000028 seconds.
  path: Assets/Model/FBX format/hangar_roundGlass.fbx
  artifactKey: Guid(f25e74f0b92ba57439a38a5e1e803fb6) Importer(815301076,1909f56bfc062723c751e8b465ee728b)
Start importing Assets/Model/FBX format/hangar_roundGlass.fbx using Guid(f25e74f0b92ba57439a38a5e1e803fb6) Importer(815301076,1909f56bfc062723c751e8b465ee728b)  -> (artifact id: '96c17350dab9d69496b8937f474f7a2c') in 0.067734 seconds 
========================================================================
Received Import Request.
  Time since last request: 0.000099 seconds.
  path: Assets/Model/FBX format/machine_barrelLarge.fbx
  artifactKey: Guid(a3c47b580cdf12349a361bbd521047dc) Importer(815301076,1909f56bfc062723c751e8b465ee728b)
Start importing Assets/Model/FBX format/machine_barrelLarge.fbx using Guid(a3c47b580cdf12349a361bbd521047dc) Importer(815301076,1909f56bfc062723c751e8b465ee728b)  -> (artifact id: '74c03cbdfd9a71f391f1d3ce9c7871ea') in 0.056716 seconds 
========================================================================
Received Import Request.
  Time since last request: 0.000059 seconds.
  path: Assets/Model/FBX format/hangar_smallA.fbx
  artifactKey: Guid(2aeabe38a22a72944b22831500badec5) Importer(815301076,1909f56bfc062723c751e8b465ee728b)
Start importing Assets/Model/FBX format/hangar_smallA.fbx using Guid(2aeabe38a22a72944b22831500badec5) Importer(815301076,1909f56bfc062723c751e8b465ee728b)  -> (artifact id: '9847a11ccacdf96d7e4be7a943d2da47') in 0.079893 seconds 
========================================================================
Received Import Request.
  Time since last request: 0.000040 seconds.
  path: Assets/Model/FBX format/hangar_smallB.fbx
  artifactKey: Guid(e94cd7a6b435c834f9069af8c5a37d90) Importer(815301076,1909f56bfc062723c751e8b465ee728b)
Start importing Assets/Model/FBX format/hangar_smallB.fbx using Guid(e94cd7a6b435c834f9069af8c5a37d90) Importer(815301076,1909f56bfc062723c751e8b465ee728b)  -> (artifact id: '28615ad4f4f92d2c77177047eaee32e8') in 0.096740 seconds 
========================================================================
Received Import Request.
  Time since last request: 56.431356 seconds.
  path: Assets/Model/FBX format/machine_generatorLarge.fbx
  artifactKey: Guid(4de1cb3435a74de46a3acff989612d44) Importer(815301076,1909f56bfc062723c751e8b465ee728b)
Start importing Assets/Model/FBX format/machine_generatorLarge.fbx using Guid(4de1cb3435a74de46a3acff989612d44) Importer(815301076,1909f56bfc062723c751e8b465ee728b)  -> (artifact id: '9c810cb9cf6e8e29bf7d9bb27a99c672') in 0.081230 seconds 
========================================================================
Received Import Request.
  Time since last request: 0.000063 seconds.
  path: Assets/Model/FBX format/meteor_half.fbx
  artifactKey: Guid(32a52e6115a23814b80fa6544304b817) Importer(815301076,1909f56bfc062723c751e8b465ee728b)
Start importing Assets/Model/FBX format/meteor_half.fbx using Guid(32a52e6115a23814b80fa6544304b817) Importer(815301076,1909f56bfc062723c751e8b465ee728b)  -> (artifact id: 'a63cfa287e9cd8131e66e3de3719248f') in 0.044767 seconds 
========================================================================
Received Import Request.
  Time since last request: 0.000063 seconds.
  path: Assets/Model/FBX format/meteor.fbx
  artifactKey: Guid(54bd727cbfc0ccb428e3b17a94f33870) Importer(815301076,1909f56bfc062723c751e8b465ee728b)
Start importing Assets/Model/FBX format/meteor.fbx using Guid(54bd727cbfc0ccb428e3b17a94f33870) Importer(815301076,1909f56bfc062723c751e8b465ee728b)  -> (artifact id: 'b69f79126712edbd6b648aa64e9b508f') in 0.040172 seconds 
========================================================================
Received Import Request.
  Time since last request: 0.000073 seconds.
  path: Assets/Model/FBX format/meteor_detailed.fbx
  artifactKey: Guid(aea1d4967e4ad4c41b8859410b0c76de) Importer(815301076,1909f56bfc062723c751e8b465ee728b)
Start importing Assets/Model/FBX format/meteor_detailed.fbx using Guid(aea1d4967e4ad4c41b8859410b0c76de) Importer(815301076,1909f56bfc062723c751e8b465ee728b)  -> (artifact id: 'aa2a6c3b05351431842d7391e32857c2') in 0.053337 seconds 
========================================================================
Received Import Request.
  Time since last request: 0.000050 seconds.
  path: Assets/Model/FBX format/monorail_trackCornerLarge.fbx
  artifactKey: Guid(5328f19cc8449794eb322fc876a38c15) Importer(815301076,1909f56bfc062723c751e8b465ee728b)
Start importing Assets/Model/FBX format/monorail_trackCornerLarge.fbx using Guid(5328f19cc8449794eb322fc876a38c15) Importer(815301076,1909f56bfc062723c751e8b465ee728b)  -> (artifact id: 'a4f1609e89fdda51ab72016f176532b2') in 0.055997 seconds 
========================================================================
Received Import Request.
  Time since last request: 0.267111 seconds.
  path: Assets/Model/FBX format/monorail_trackSupport.fbx
  artifactKey: Guid(a187f4688872b95448ad51b1d5088f90) Importer(815301076,1909f56bfc062723c751e8b465ee728b)
Start importing Assets/Model/FBX format/monorail_trackSupport.fbx using Guid(a187f4688872b95448ad51b1d5088f90) Importer(815301076,1909f56bfc062723c751e8b465ee728b)  -> (artifact id: '272e171dca6df7a537d0510d548232e4') in 0.082731 seconds 
========================================================================
Received Import Request.
  Time since last request: 0.000044 seconds.
  path: Assets/Model/FBX format/monorail_trainFront.fbx
  artifactKey: Guid(ad1d77d6d5a1aee4eac4be5082c956a5) Importer(815301076,1909f56bfc062723c751e8b465ee728b)
Start importing Assets/Model/FBX format/monorail_trainFront.fbx using Guid(ad1d77d6d5a1aee4eac4be5082c956a5) Importer(815301076,1909f56bfc062723c751e8b465ee728b)  -> (artifact id: 'ee5603215ecede2da8e5dd4e46a41bed') in 0.057959 seconds 
========================================================================
Received Import Request.
  Time since last request: 0.000038 seconds.
  path: Assets/Model/FBX format/pipe_ring.fbx
  artifactKey: Guid(a450dd314e0a9ac44bedd5626c2a9e08) Importer(815301076,1909f56bfc062723c751e8b465ee728b)
Start importing Assets/Model/FBX format/pipe_ring.fbx using Guid(a450dd314e0a9ac44bedd5626c2a9e08) Importer(815301076,1909f56bfc062723c751e8b465ee728b)  -> (artifact id: 'ec2b153c35d493fff50f7e32b4e95435') in 0.087333 seconds 
========================================================================
Received Import Request.
  Time since last request: 0.000053 seconds.
  path: Assets/Model/FBX format/pipe_cornerRound.fbx
  artifactKey: Guid(0c93b90478a539a46817ad25ce383b03) Importer(815301076,1909f56bfc062723c751e8b465ee728b)
Start importing Assets/Model/FBX format/pipe_cornerRound.fbx using Guid(0c93b90478a539a46817ad25ce383b03) Importer(815301076,1909f56bfc062723c751e8b465ee728b)  -> (artifact id: '52032966797d2f787add672c0e6180d6') in 0.060446 seconds 
========================================================================
Received Import Request.
  Time since last request: 0.000078 seconds.
  path: Assets/Model/FBX format/pipe_supportLow.fbx
  artifactKey: Guid(15da1c7384c78e540bedd1d071c13027) Importer(815301076,1909f56bfc062723c751e8b465ee728b)
Start importing Assets/Model/FBX format/pipe_supportLow.fbx using Guid(15da1c7384c78e540bedd1d071c13027) Importer(815301076,1909f56bfc062723c751e8b465ee728b)  -> (artifact id: 'ff3fd352ff65350d4d7c8d5dcc18f4fe') in 0.064153 seconds 
========================================================================
Received Import Request.
  Time since last request: 0.000061 seconds.
  path: Assets/Model/FBX format/platform_corner.fbx
  artifactKey: Guid(ee93caee1b8d8ae4994bc778de6ba702) Importer(815301076,1909f56bfc062723c751e8b465ee728b)
Start importing Assets/Model/FBX format/platform_corner.fbx using Guid(ee93caee1b8d8ae4994bc778de6ba702) Importer(815301076,1909f56bfc062723c751e8b465ee728b)  -> (artifact id: '95f5d91f75bda53c02feda00af2e3538') in 0.068194 seconds 
========================================================================
Received Import Request.
  Time since last request: 0.000064 seconds.
  path: Assets/Model/FBX format/pipe_end.fbx
  artifactKey: Guid(ea0ea9db12dae834c917873b3c527021) Importer(815301076,1909f56bfc062723c751e8b465ee728b)
Start importing Assets/Model/FBX format/pipe_end.fbx using Guid(ea0ea9db12dae834c917873b3c527021) Importer(815301076,1909f56bfc062723c751e8b465ee728b)  -> (artifact id: 'ecefce0cfc275c72b34fbfb11811ce7c') in 0.085570 seconds 
========================================================================
Received Import Request.
  Time since last request: 0.000054 seconds.
  path: Assets/Model/FBX format/pipe_cornerRoundLarge.fbx
  artifactKey: Guid(83c7fe0c18cc5a744a384330a77bad0e) Importer(815301076,1909f56bfc062723c751e8b465ee728b)
Start importing Assets/Model/FBX format/pipe_cornerRoundLarge.fbx using Guid(83c7fe0c18cc5a744a384330a77bad0e) Importer(815301076,1909f56bfc062723c751e8b465ee728b)  -> (artifact id: '52153d26d884a1b58985439013e53ed4') in 0.062979 seconds 
========================================================================
Received Import Request.
  Time since last request: 0.000082 seconds.
  path: Assets/Model/FBX format/pipe_ringSupport.fbx
  artifactKey: Guid(08697d2fe7c1e174a8ab72dbfeb743c5) Importer(815301076,1909f56bfc062723c751e8b465ee728b)
Start importing Assets/Model/FBX format/pipe_ringSupport.fbx using Guid(08697d2fe7c1e174a8ab72dbfeb743c5) Importer(815301076,1909f56bfc062723c751e8b465ee728b)  -> (artifact id: '4b34a206c43cbf4cb125ef42ccf27758') in 0.055286 seconds 
========================================================================
Received Import Request.
  Time since last request: 0.000044 seconds.
  path: Assets/Model/FBX format/pipe_ringHighEnd.fbx
  artifactKey: Guid(5a37f148f73e6304fb7ce794686e38ab) Importer(815301076,1909f56bfc062723c751e8b465ee728b)
Start importing Assets/Model/FBX format/pipe_ringHighEnd.fbx using Guid(5a37f148f73e6304fb7ce794686e38ab) Importer(815301076,1909f56bfc062723c751e8b465ee728b)  -> (artifact id: '79d9f18cedc10ebd7a077e5a4a2d5b56') in 0.069712 seconds 
========================================================================
Received Import Request.
  Time since last request: 1.286289 seconds.
  path: Assets/Model/FBX format/platform_end.fbx
  artifactKey: Guid(1009f48564f021e4cbf5e4d38f46bac5) Importer(815301076,1909f56bfc062723c751e8b465ee728b)
Start importing Assets/Model/FBX format/platform_end.fbx using Guid(1009f48564f021e4cbf5e4d38f46bac5) Importer(815301076,1909f56bfc062723c751e8b465ee728b)  -> (artifact id: 'd28f32528f9dfaeaecda2f0ce674b1b6') in 0.058404 seconds 
========================================================================
Received Import Request.
  Time since last request: 0.000045 seconds.
  path: Assets/Model/FBX format/platform_low.fbx
  artifactKey: Guid(1905552e7c3c7ff4e8bea3b4e81c1821) Importer(815301076,1909f56bfc062723c751e8b465ee728b)
Start importing Assets/Model/FBX format/platform_low.fbx using Guid(1905552e7c3c7ff4e8bea3b4e81c1821) Importer(815301076,1909f56bfc062723c751e8b465ee728b)  -> (artifact id: 'e7aa21f674b90fd6ad3b41b3a2f2af3a') in 0.053938 seconds 
========================================================================
Received Import Request.
  Time since last request: 0.000048 seconds.
  path: Assets/Model/FBX format/rock_largeB.fbx
  artifactKey: Guid(446d91c4c4a346243a80764dfb18d94e) Importer(815301076,1909f56bfc062723c751e8b465ee728b)
Start importing Assets/Model/FBX format/rock_largeB.fbx using Guid(446d91c4c4a346243a80764dfb18d94e) Importer(815301076,1909f56bfc062723c751e8b465ee728b)  -> (artifact id: '625f1c32db6c00fe6f5b7db801ed3445') in 0.043981 seconds 
========================================================================
Received Import Request.
  Time since last request: 0.000046 seconds.
  path: Assets/Model/FBX format/rocket_fuelB.fbx
  artifactKey: Guid(cb8766bd0f5dcbd4abe12c26d0af8f92) Importer(815301076,1909f56bfc062723c751e8b465ee728b)
Start importing Assets/Model/FBX format/rocket_fuelB.fbx using Guid(cb8766bd0f5dcbd4abe12c26d0af8f92) Importer(815301076,1909f56bfc062723c751e8b465ee728b)  -> (artifact id: 'c0a6877449f5ff796a59421072defb10') in 0.045571 seconds 
========================================================================
Received Import Request.
  Time since last request: 0.000037 seconds.
  path: Assets/Model/FBX format/rail_middle.fbx
  artifactKey: Guid(cd52d90037587d147ab43f357c0b5a3b) Importer(815301076,1909f56bfc062723c751e8b465ee728b)
Start importing Assets/Model/FBX format/rail_middle.fbx using Guid(cd52d90037587d147ab43f357c0b5a3b) Importer(815301076,1909f56bfc062723c751e8b465ee728b)  -> (artifact id: '105a7c8406d74ff6fb39916bae0ee304') in 0.043539 seconds 
========================================================================
Received Import Request.
  Time since last request: 0.000041 seconds.
  path: Assets/Model/FBX format/platform_small.fbx
  artifactKey: Guid(243461e776c1d2d47857f12a3ec67ee0) Importer(815301076,1909f56bfc062723c751e8b465ee728b)
Start importing Assets/Model/FBX format/platform_small.fbx using Guid(243461e776c1d2d47857f12a3ec67ee0) Importer(815301076,1909f56bfc062723c751e8b465ee728b)  -> (artifact id: 'e9520d3438d75c5f25bbeab3470b0fa2') in 0.048026 seconds 
========================================================================
Received Import Request.
  Time since last request: 0.000033 seconds.
  path: Assets/Model/FBX format/rocket_baseA.fbx
  artifactKey: Guid(c5471995761be47469288d1527ec8eec) Importer(815301076,1909f56bfc062723c751e8b465ee728b)
Start importing Assets/Model/FBX format/rocket_baseA.fbx using Guid(c5471995761be47469288d1527ec8eec) Importer(815301076,1909f56bfc062723c751e8b465ee728b)  -> (artifact id: '6ea262b0b10a21f190be7d3e164fd8a3') in 0.044375 seconds 
========================================================================
Received Import Request.
  Time since last request: 0.000039 seconds.
  path: Assets/Model/FBX format/rocket_topA.fbx
  artifactKey: Guid(bf82f090f80d7234d92bbf13b6d7e926) Importer(815301076,1909f56bfc062723c751e8b465ee728b)
Start importing Assets/Model/FBX format/rocket_topA.fbx using Guid(bf82f090f80d7234d92bbf13b6d7e926) Importer(815301076,1909f56bfc062723c751e8b465ee728b)  -> (artifact id: 'ae288931f319bc68c893b8f10491d8a3') in 0.062563 seconds 
========================================================================
Received Import Request.
  Time since last request: 0.000039 seconds.
  path: Assets/Model/FBX format/rock_crystals.fbx
  artifactKey: Guid(bb5d29761988c0f42bbd9210661e9036) Importer(815301076,1909f56bfc062723c751e8b465ee728b)
Start importing Assets/Model/FBX format/rock_crystals.fbx using Guid(bb5d29761988c0f42bbd9210661e9036) Importer(815301076,1909f56bfc062723c751e8b465ee728b)  -> (artifact id: '49c3c916ab48a713d885790cdd34b890') in 0.042290 seconds 
========================================================================
Received Import Request.
  Time since last request: 0.000028 seconds.
  path: Assets/Model/FBX format/platform_side.fbx
  artifactKey: Guid(d6a68b265171b074dab7eb2403021dcb) Importer(815301076,1909f56bfc062723c751e8b465ee728b)
Start importing Assets/Model/FBX format/platform_side.fbx using Guid(d6a68b265171b074dab7eb2403021dcb) Importer(815301076,1909f56bfc062723c751e8b465ee728b)  -> (artifact id: '3d26c36de8bd90ea4b5effffecc81a60') in 0.039185 seconds 
========================================================================
Received Import Request.
  Time since last request: 0.466961 seconds.
  path: Assets/Model/FBX format/rocks_smallB.fbx
  artifactKey: Guid(8a061826f0c9c8149b904d6a3646846f) Importer(815301076,1909f56bfc062723c751e8b465ee728b)
Start importing Assets/Model/FBX format/rocks_smallB.fbx using Guid(8a061826f0c9c8149b904d6a3646846f) Importer(815301076,1909f56bfc062723c751e8b465ee728b)  -> (artifact id: '923fbff3e0e48b4d85b091f93194bc2b') in 0.063981 seconds 
========================================================================
Received Import Request.
  Time since last request: 0.000070 seconds.
  path: Assets/Model/FBX format/stairs.fbx
  artifactKey: Guid(23f1f5d419a554545be6aefd09d6521d) Importer(815301076,1909f56bfc062723c751e8b465ee728b)
Start importing Assets/Model/FBX format/stairs.fbx using Guid(23f1f5d419a554545be6aefd09d6521d) Importer(815301076,1909f56bfc062723c751e8b465ee728b)  -> (artifact id: 'cfcb3bc24562cec8f622825d0129ddb2') in 0.082178 seconds 
========================================================================
Received Import Request.
  Time since last request: 0.000062 seconds.
  path: Assets/Model/FBX format/terrain_sideEnd.fbx
  artifactKey: Guid(014bd15921e0b2b4f8e5fd54c6ec1691) Importer(815301076,1909f56bfc062723c751e8b465ee728b)
Start importing Assets/Model/FBX format/terrain_sideEnd.fbx using Guid(014bd15921e0b2b4f8e5fd54c6ec1691) Importer(815301076,1909f56bfc062723c751e8b465ee728b)  -> (artifact id: 'bf655869f91f2a9a00ffc5e0a72023fe') in 0.063969 seconds 
========================================================================
Received Import Request.
  Time since last request: 0.000041 seconds.
  path: Assets/Model/FBX format/structure_closed.fbx
  artifactKey: Guid(c26ebb2f6685eab489087eec79b854bc) Importer(815301076,1909f56bfc062723c751e8b465ee728b)
Start importing Assets/Model/FBX format/structure_closed.fbx using Guid(c26ebb2f6685eab489087eec79b854bc) Importer(815301076,1909f56bfc062723c751e8b465ee728b)  -> (artifact id: '52446892b09790e1a00f210dda42b4f0') in 0.051449 seconds 
========================================================================
Received Import Request.
  Time since last request: 0.000039 seconds.
  path: Assets/Model/FBX format/terrain_roadCross.fbx
  artifactKey: Guid(7e75d4130067ee34cb6a1eae04bd3c6c) Importer(815301076,1909f56bfc062723c751e8b465ee728b)
Start importing Assets/Model/FBX format/terrain_roadCross.fbx using Guid(7e75d4130067ee34cb6a1eae04bd3c6c) Importer(815301076,1909f56bfc062723c751e8b465ee728b)  -> (artifact id: '907aff68da5d1bd38190063f082fb804') in 0.038231 seconds 
========================================================================
Received Import Request.
  Time since last request: 0.000031 seconds.
  path: Assets/Model/FBX format/supports_high.fbx
  artifactKey: Guid(c539708e62e6f0942867352c8a11a136) Importer(815301076,1909f56bfc062723c751e8b465ee728b)
Start importing Assets/Model/FBX format/supports_high.fbx using Guid(c539708e62e6f0942867352c8a11a136) Importer(815301076,1909f56bfc062723c751e8b465ee728b)  -> (artifact id: '3515171456624aac0dcef2c681414f6b') in 0.049311 seconds 
========================================================================
Received Import Request.
  Time since last request: 0.000086 seconds.
  path: Assets/Model/FBX format/satelliteDish_large.fbx
  artifactKey: Guid(610cb62df215b4e44b99cf48b6076349) Importer(815301076,1909f56bfc062723c751e8b465ee728b)
Start importing Assets/Model/FBX format/satelliteDish_large.fbx using Guid(610cb62df215b4e44b99cf48b6076349) Importer(815301076,1909f56bfc062723c751e8b465ee728b)  -> (artifact id: '8f23f72a4b2de301a52bf6e20f973334') in 0.048998 seconds 
========================================================================
Received Import Request.
  Time since last request: 0.000069 seconds.
  path: Assets/Model/FBX format/supports_low.fbx
  artifactKey: Guid(9b0d93375ed5ef744af8eca5221c601e) Importer(815301076,1909f56bfc062723c751e8b465ee728b)
Start importing Assets/Model/FBX format/supports_low.fbx using Guid(9b0d93375ed5ef744af8eca5221c601e) Importer(815301076,1909f56bfc062723c751e8b465ee728b)  -> (artifact id: 'c91beb24016e1cd6ba0f4ed096aa2f5a') in 0.057725 seconds 
========================================================================
Received Import Request.
  Time since last request: 0.000038 seconds.
  path: Assets/Model/FBX format/terrain_roadCorner.fbx
  artifactKey: Guid(c6280d8aa3da203488cad88939e09493) Importer(815301076,1909f56bfc062723c751e8b465ee728b)
Start importing Assets/Model/FBX format/terrain_roadCorner.fbx using Guid(c6280d8aa3da203488cad88939e09493) Importer(815301076,1909f56bfc062723c751e8b465ee728b)  -> (artifact id: '4cdacff3877c2ec5202b911c7d3d59d8') in 0.047707 seconds 
========================================================================
Received Import Request.
  Time since last request: 0.000039 seconds.
  path: Assets/Model/FBX format/terrain_side.fbx
  artifactKey: Guid(dc1e7305b10af9e4e91e2a435c2075a4) Importer(815301076,1909f56bfc062723c751e8b465ee728b)
Start importing Assets/Model/FBX format/terrain_side.fbx using Guid(dc1e7305b10af9e4e91e2a435c2075a4) Importer(815301076,1909f56bfc062723c751e8b465ee728b)  -> (artifact id: '10e80124933cdd99ce4fd017a610dc91') in 0.044720 seconds 
========================================================================
Received Import Request.
  Time since last request: 0.540717 seconds.
  path: Assets/Model/FBX format/weapon_gun.fbx
  artifactKey: Guid(838fb0f88dcd8a64c956c5a4d87b07d0) Importer(815301076,1909f56bfc062723c751e8b465ee728b)
Start importing Assets/Model/FBX format/weapon_gun.fbx using Guid(838fb0f88dcd8a64c956c5a4d87b07d0) Importer(815301076,1909f56bfc062723c751e8b465ee728b)  -> (artifact id: '3bf59c94375fa4967e091ccb69c2b9a5') in 0.090841 seconds 
========================================================================
Received Import Request.
  Time since last request: 417.705451 seconds.
  path: Assets/materials
  artifactKey: Guid(a961afa76ac9f7041aa03002a8426e05) Importer(815301076,1909f56bfc062723c751e8b465ee728b)
Start importing Assets/materials using Guid(a961afa76ac9f7041aa03002a8426e05) Importer(815301076,1909f56bfc062723c751e8b465ee728b)  -> (artifact id: '3fc95b2ac2260f4641894713086e6d77') in 0.009348 seconds 
========================================================================
Received Import Request.
  Time since last request: 24.417803 seconds.
  path: Assets/Materials
  artifactKey: Guid(a961afa76ac9f7041aa03002a8426e05) Importer(815301076,1909f56bfc062723c751e8b465ee728b)
Start importing Assets/Materials using Guid(a961afa76ac9f7041aa03002a8426e05) Importer(815301076,1909f56bfc062723c751e8b465ee728b)  -> (artifact id: '4e32e18a842fab8a5217274d383084f6') in 0.013040 seconds 
========================================================================
Received Import Request.
  Time since last request: 14.756535 seconds.
  path: Assets/Materials/Laser.mat
  artifactKey: Guid(909dd4b7cc612ad4c997934abfc9d1bb) Importer(815301076,1909f56bfc062723c751e8b465ee728b)
Start importing Assets/Materials/Laser.mat using Guid(909dd4b7cc612ad4c997934abfc9d1bb) Importer(815301076,1909f56bfc062723c751e8b465ee728b)  -> (artifact id: '3d3ee757b1007d3a10befa67488c7137') in 0.026223 seconds 
========================================================================
Received Prepare
Registering precompiled user dll's ...
Registered in 0.017528 seconds.
Begin MonoManager ReloadAssembly
Symbol file LoadedFromMemory doesn't match image C:\Users\qingc\OneDrive - McGill University\Unity\My project\SpaceShooter\Library\PackageCache\com.unity.visualscripting@1.7.8\Editor\VisualScripting.Core\Dependencies\YamlDotNet\Unity.VisualScripting.YamlDotNet.dll
Symbol file LoadedFromMemory doesn't match image C:\Users\qingc\OneDrive - McGill University\Unity\My project\SpaceShooter\Library\PackageCache\com.unity.visualscripting@1.7.8\Editor\VisualScripting.Core\Dependencies\DotNetZip\Unity.VisualScripting.IonicZip.dll
Native extension for WindowsStandalone target not found
Native extension for Android target not found
Native extension for WebGL target not found
Refreshing native plugins compatible for Editor in 1.49 ms, found 3 plugins.
Preloading 0 native plugins for Editor in 0.00 ms.
Mono: successfully reloaded assembly
- Completed reload, in  1.932 seconds
Domain Reload Profiling:
	ReloadAssembly (1934ms)
		BeginReloadAssembly (237ms)
			ExecutionOrderSort (0ms)
			DisableScriptedObjects (7ms)
			BackupInstance (0ms)
			ReleaseScriptingObjects (0ms)
			CreateAndSetChildDomain (70ms)
		EndReloadAssembly (1540ms)
			LoadAssemblies (158ms)
			RebuildTransferFunctionScriptingTraits (0ms)
			SetupTypeCache (529ms)
			ReleaseScriptCaches (2ms)
			RebuildScriptCaches (87ms)
			SetupLoadedEditorAssemblies (640ms)
				LogAssemblyErrors (0ms)
				InitializePlatformSupportModulesInManaged (77ms)
				SetLoadedEditorAssemblies (1ms)
				RefreshPlugins (2ms)
				BeforeProcessingInitializeOnLoad (142ms)
				ProcessInitializeOnLoadAttributes (355ms)
				ProcessInitializeOnLoadMethodAttributes (48ms)
				AfterProcessingInitializeOnLoad (15ms)
				EditorAssembliesLoaded (0ms)
			ExecutionOrderSort2 (0ms)
			AwakeInstancesAfterBackupRestoration (14ms)
Platform modules already initialized, skipping
Refreshing native plugins compatible for Editor in 3.18 ms, found 3 plugins.
Preloading 0 native plugins for Editor in 0.00 ms.
Unloading 3346 Unused Serialized files (Serialized files now loaded: 0)
Unloading 20 unused Assets / (80.0 KB). Loaded Objects now: 3857.
Memory consumption went from 120.5 MB to 120.4 MB.
Total: 3.634700 ms (FindLiveObjects: 0.242500 ms CreateObjectMapping: 0.086800 ms MarkObjects: 3.212800 ms  DeleteObjects: 0.090600 ms)

AssetImportParameters requested are different than current active one (requested -> active):
  custom:video-decoder-ogg-theora: a1e56fd34408186e4bbccfd4996cb3dc -> 
  custom:container-muxer-webm: aa71ff27fc2769a1b78a27578f13a17b -> 
  custom:container-demuxer-webm: 4f35f7cbe854078d1ac9338744f61a02 -> 
  custom:video-encoder-webm-vp8: eb34c28f22e8b96e1ab97ce403110664 -> 
  custom:video-codec-MediaFoundation-h265: 746d11721c4dcdbdad8f713fa42b33f4 -> 
  custom:audio-encoder-webm-vorbis: bf7c407c2cedff20999df2af8eb42d56 -> 
  custom:framework-win-MediaFoundation: 216162199b28c13a410421893ffa2e32 -> 
  custom:container-demuxer-ogg: 62fdf1f143b41e24485cea50d1cbac27 -> 
  custom:video-decoder-webm-vp8: 9c59270c3fd7afecdb556c50c9e8de78 -> 
  custom:audio-decoder-ogg-vorbis: bf7c407c2cedff20999df2af8eb42d56 -> 
========================================================================
Received Prepare
Registering precompiled user dll's ...
Registered in 0.006778 seconds.
Begin MonoManager ReloadAssembly
Symbol file LoadedFromMemory doesn't match image C:\Users\qingc\OneDrive - McGill University\Unity\My project\SpaceShooter\Library\PackageCache\com.unity.visualscripting@1.7.8\Editor\VisualScripting.Core\Dependencies\YamlDotNet\Unity.VisualScripting.YamlDotNet.dll
Symbol file LoadedFromMemory doesn't match image C:\Users\qingc\OneDrive - McGill University\Unity\My project\SpaceShooter\Library\PackageCache\com.unity.visualscripting@1.7.8\Editor\VisualScripting.Core\Dependencies\DotNetZip\Unity.VisualScripting.IonicZip.dll
Native extension for WindowsStandalone target not found
Native extension for Android target not found
Native extension for WebGL target not found
Refreshing native plugins compatible for Editor in 0.91 ms, found 3 plugins.
Preloading 0 native plugins for Editor in 0.00 ms.
Mono: successfully reloaded assembly
- Completed reload, in  2.078 seconds
Domain Reload Profiling:
	ReloadAssembly (2080ms)
		BeginReloadAssembly (282ms)
			ExecutionOrderSort (0ms)
			DisableScriptedObjects (12ms)
			BackupInstance (0ms)
			ReleaseScriptingObjects (0ms)
			CreateAndSetChildDomain (74ms)
		EndReloadAssembly (1580ms)
			LoadAssemblies (203ms)
			RebuildTransferFunctionScriptingTraits (0ms)
			SetupTypeCache (531ms)
			ReleaseScriptCaches (2ms)
			RebuildScriptCaches (93ms)
			SetupLoadedEditorAssemblies (660ms)
				LogAssemblyErrors (0ms)
				InitializePlatformSupportModulesInManaged (56ms)
				SetLoadedEditorAssemblies (2ms)
				RefreshPlugins (1ms)
				BeforeProcessingInitializeOnLoad (124ms)
				ProcessInitializeOnLoadAttributes (405ms)
				ProcessInitializeOnLoadMethodAttributes (52ms)
				AfterProcessingInitializeOnLoad (19ms)
				EditorAssembliesLoaded (1ms)
			ExecutionOrderSort2 (0ms)
			AwakeInstancesAfterBackupRestoration (15ms)
Platform modules already initialized, skipping
Refreshing native plugins compatible for Editor in 3.92 ms, found 3 plugins.
Preloading 0 native plugins for Editor in 0.00 ms.
Unloading 3346 Unused Serialized files (Serialized files now loaded: 0)
Unloading 20 unused Assets / (79.8 KB). Loaded Objects now: 3860.
Memory consumption went from 120.5 MB to 120.4 MB.
Total: 4.832600 ms (FindLiveObjects: 0.632000 ms CreateObjectMapping: 0.230100 ms MarkObjects: 3.792700 ms  DeleteObjects: 0.174500 ms)

AssetImportParameters requested are different than current active one (requested -> active):
  custom:video-decoder-ogg-theora: a1e56fd34408186e4bbccfd4996cb3dc -> 
  custom:container-muxer-webm: aa71ff27fc2769a1b78a27578f13a17b -> 
  custom:container-demuxer-webm: 4f35f7cbe854078d1ac9338744f61a02 -> 
  custom:video-encoder-webm-vp8: eb34c28f22e8b96e1ab97ce403110664 -> 
  custom:video-codec-MediaFoundation-h265: 746d11721c4dcdbdad8f713fa42b33f4 -> 
  custom:audio-encoder-webm-vorbis: bf7c407c2cedff20999df2af8eb42d56 -> 
  custom:framework-win-MediaFoundation: 216162199b28c13a410421893ffa2e32 -> 
  custom:container-demuxer-ogg: 62fdf1f143b41e24485cea50d1cbac27 -> 
  custom:video-decoder-webm-vp8: 9c59270c3fd7afecdb556c50c9e8de78 -> 
  custom:audio-decoder-ogg-vorbis: bf7c407c2cedff20999df2af8eb42d56 -> 
========================================================================
Received Prepare
Registering precompiled user dll's ...
Registered in 0.024630 seconds.
Begin MonoManager ReloadAssembly
Symbol file LoadedFromMemory doesn't match image C:\Users\qingc\OneDrive - McGill University\Unity\My project\SpaceShooter\Library\PackageCache\com.unity.visualscripting@1.7.8\Editor\VisualScripting.Core\Dependencies\YamlDotNet\Unity.VisualScripting.YamlDotNet.dll
Symbol file LoadedFromMemory doesn't match image C:\Users\qingc\OneDrive - McGill University\Unity\My project\SpaceShooter\Library\PackageCache\com.unity.visualscripting@1.7.8\Editor\VisualScripting.Core\Dependencies\DotNetZip\Unity.VisualScripting.IonicZip.dll
Native extension for WindowsStandalone target not found
Native extension for Android target not found
Native extension for WebGL target not found
Refreshing native plugins compatible for Editor in 0.54 ms, found 3 plugins.
Preloading 0 native plugins for Editor in 0.00 ms.
Mono: successfully reloaded assembly
- Completed reload, in  1.873 seconds
Domain Reload Profiling:
	ReloadAssembly (1874ms)
		BeginReloadAssembly (369ms)
			ExecutionOrderSort (0ms)
			DisableScriptedObjects (13ms)
			BackupInstance (0ms)
			ReleaseScriptingObjects (0ms)
			CreateAndSetChildDomain (102ms)
		EndReloadAssembly (1340ms)
			LoadAssemblies (244ms)
			RebuildTransferFunctionScriptingTraits (0ms)
			SetupTypeCache (748ms)
			ReleaseScriptCaches (1ms)
			RebuildScriptCaches (45ms)
			SetupLoadedEditorAssemblies (348ms)
				LogAssemblyErrors (0ms)
				InitializePlatformSupportModulesInManaged (31ms)
				SetLoadedEditorAssemblies (0ms)
				RefreshPlugins (1ms)
				BeforeProcessingInitializeOnLoad (70ms)
				ProcessInitializeOnLoadAttributes (210ms)
				ProcessInitializeOnLoadMethodAttributes (27ms)
				AfterProcessingInitializeOnLoad (8ms)
				EditorAssembliesLoaded (0ms)
			ExecutionOrderSort2 (0ms)
			AwakeInstancesAfterBackupRestoration (6ms)
Platform modules already initialized, skipping
Refreshing native plugins compatible for Editor in 2.40 ms, found 3 plugins.
Preloading 0 native plugins for Editor in 0.00 ms.
Unloading 3346 Unused Serialized files (Serialized files now loaded: 0)
Unloading 20 unused Assets / (79.9 KB). Loaded Objects now: 3863.
Memory consumption went from 120.5 MB to 120.4 MB.
Total: 3.024100 ms (FindLiveObjects: 0.264200 ms CreateObjectMapping: 0.135700 ms MarkObjects: 2.529700 ms  DeleteObjects: 0.093000 ms)

AssetImportParameters requested are different than current active one (requested -> active):
  custom:video-decoder-ogg-theora: a1e56fd34408186e4bbccfd4996cb3dc -> 
  custom:container-muxer-webm: aa71ff27fc2769a1b78a27578f13a17b -> 
  custom:container-demuxer-webm: 4f35f7cbe854078d1ac9338744f61a02 -> 
  custom:video-encoder-webm-vp8: eb34c28f22e8b96e1ab97ce403110664 -> 
  custom:video-codec-MediaFoundation-h265: 746d11721c4dcdbdad8f713fa42b33f4 -> 
  custom:audio-encoder-webm-vorbis: bf7c407c2cedff20999df2af8eb42d56 -> 
  custom:framework-win-MediaFoundation: 216162199b28c13a410421893ffa2e32 -> 
  custom:container-demuxer-ogg: 62fdf1f143b41e24485cea50d1cbac27 -> 
  custom:video-decoder-webm-vp8: 9c59270c3fd7afecdb556c50c9e8de78 -> 
  custom:audio-decoder-ogg-vorbis: bf7c407c2cedff20999df2af8eb42d56 -> 
========================================================================
Received Import Request.
  Time since last request: 1107.845999 seconds.
  path: Assets/Materials/Laser.mat
  artifactKey: Guid(909dd4b7cc612ad4c997934abfc9d1bb) Importer(815301076,1909f56bfc062723c751e8b465ee728b)
Start importing Assets/Materials/Laser.mat using Guid(909dd4b7cc612ad4c997934abfc9d1bb) Importer(815301076,1909f56bfc062723c751e8b465ee728b)  -> (artifact id: '4a6900e4e2a5e730347355fd97e6bf38') in 0.465625 seconds 
