Using pre-set license
Built from '2021.3/staging' branch; Version is '2021.3.14f1 (eee1884e7226) revision 15655304'; Using compiler version '192829333'; Build Type 'Release'
OS: 'Windows 10  (10.0.19045) 64bit Professional' Language: 'zh' Physical Memory: 16068 MB
BatchMode: 1, IsHumanControllingUs: 0, StartBugReporterOnCrash: 0, Is64bit: 1, IsPro: 1

COMMAND LINE ARGUMENTS:
C:\Program Files\Unity\Hub\Editor\2021.3.14f1\Editor\Unity.exe
-adb2
-batchMode
-noUpm
-name
AssetImportWorker5
-projectPath
C:/Users/qingc/OneDrive - McGill University/Unity/My project/SpaceShooter
-logFile
Logs/AssetImportWorker5.log
-srvPort
57214
Successfully changed project path to: C:/Users/qingc/OneDrive - McGill University/Unity/My project/SpaceShooter
C:/Users/qingc/OneDrive - McGill University/Unity/My project/SpaceShooter
[UnityMemory] Configuration Parameters - Can be set up in boot.config
    "memorysetup-bucket-allocator-granularity=16"
    "memorysetup-bucket-allocator-bucket-count=8"
    "memorysetup-bucket-allocator-block-size=33554432"
    "memorysetup-bucket-allocator-block-count=8"
    "memorysetup-main-allocator-block-size=16777216"
    "memorysetup-thread-allocator-block-size=16777216"
    "memorysetup-gfx-main-allocator-block-size=16777216"
    "memorysetup-gfx-thread-allocator-block-size=16777216"
    "memorysetup-cache-allocator-block-size=4194304"
    "memorysetup-typetree-allocator-block-size=2097152"
    "memorysetup-profiler-bucket-allocator-granularity=16"
    "memorysetup-profiler-bucket-allocator-bucket-count=8"
    "memorysetup-profiler-bucket-allocator-block-size=33554432"
    "memorysetup-profiler-bucket-allocator-block-count=8"
    "memorysetup-profiler-allocator-block-size=16777216"
    "memorysetup-profiler-editor-allocator-block-size=1048576"
    "memorysetup-temp-allocator-size-main=16777216"
    "memorysetup-job-temp-allocator-block-size=2097152"
    "memorysetup-job-temp-allocator-block-size-background=1048576"
    "memorysetup-job-temp-allocator-reduction-small-platforms=262144"
    "memorysetup-temp-allocator-size-background-worker=32768"
    "memorysetup-temp-allocator-size-job-worker=262144"
    "memorysetup-temp-allocator-size-preload-manager=33554432"
    "memorysetup-temp-allocator-size-nav-mesh-worker=65536"
    "memorysetup-temp-allocator-size-audio-worker=65536"
    "memorysetup-temp-allocator-size-cloud-worker=32768"
    "memorysetup-temp-allocator-size-gi-baking-worker=262144"
    "memorysetup-temp-allocator-size-gfx=262144"
Refreshing native plugins compatible for Editor in 163.66 ms, found 3 plugins.
Preloading 0 native plugins for Editor in 0.00 ms.
Initialize engine version: 2021.3.14f1 (eee1884e7226)
[Subsystems] Discovering subsystems at path C:/Program Files/Unity/Hub/Editor/2021.3.14f1/Editor/Data/Resources/UnitySubsystems
[Subsystems] Discovering subsystems at path C:/Users/qingc/OneDrive - McGill University/Unity/My project/SpaceShooter/Assets
GfxDevice: creating device client; threaded=0; jobified=0
Direct3D:
    Version:  Direct3D 11.0 [level 11.1]
    Renderer: Intel(R) Iris(R) Xe Graphics (ID=0x46a8)
    Vendor:   Intel
    VRAM:     8034 MB
    Driver:   31.0.101.4255
Initialize mono
Mono path[0] = 'C:/Program Files/Unity/Hub/Editor/2021.3.14f1/Editor/Data/Managed'
Mono path[1] = 'C:/Program Files/Unity/Hub/Editor/2021.3.14f1/Editor/Data/MonoBleedingEdge/lib/mono/unityjit-win32'
Mono config path = 'C:/Program Files/Unity/Hub/Editor/2021.3.14f1/Editor/Data/MonoBleedingEdge/etc'
Using monoOptions --debugger-agent=transport=dt_socket,embedding=1,server=y,suspend=n,address=127.0.0.1:56928
Begin MonoManager ReloadAssembly
Registering precompiled unity dll's ...
Register platform support module: C:/Program Files/Unity/Hub/Editor/2021.3.14f1/Editor/Data/PlaybackEngines/WebGLSupport/UnityEditor.WebGL.Extensions.dll
Register platform support module: C:/Program Files/Unity/Hub/Editor/2021.3.14f1/Editor/Data/PlaybackEngines/AndroidPlayer/UnityEditor.Android.Extensions.dll
Register platform support module: C:/Program Files/Unity/Hub/Editor/2021.3.14f1/Editor/Data/PlaybackEngines/WindowsStandaloneSupport/UnityEditor.WindowsStandalone.Extensions.dll
Registered in 0.021607 seconds.
Native extension for WindowsStandalone target not found
Native extension for Android target not found
Native extension for WebGL target not found
Refreshing native plugins compatible for Editor in 122.53 ms, found 3 plugins.
Preloading 0 native plugins for Editor in 0.00 ms.
Mono: successfully reloaded assembly
- Completed reload, in  1.021 seconds
Domain Reload Profiling:
	ReloadAssembly (1022ms)
		BeginReloadAssembly (127ms)
			ExecutionOrderSort (0ms)
			DisableScriptedObjects (0ms)
			BackupInstance (0ms)
			ReleaseScriptingObjects (0ms)
			CreateAndSetChildDomain (2ms)
		EndReloadAssembly (713ms)
			LoadAssemblies (121ms)
			RebuildTransferFunctionScriptingTraits (0ms)
			SetupTypeCache (196ms)
			ReleaseScriptCaches (0ms)
			RebuildScriptCaches (39ms)
			SetupLoadedEditorAssemblies (396ms)
				LogAssemblyErrors (0ms)
				InitializePlatformSupportModulesInManaged (78ms)
				SetLoadedEditorAssemblies (0ms)
				RefreshPlugins (123ms)
				BeforeProcessingInitializeOnLoad (2ms)
				ProcessInitializeOnLoadAttributes (122ms)
				ProcessInitializeOnLoadMethodAttributes (71ms)
				AfterProcessingInitializeOnLoad (0ms)
				EditorAssembliesLoaded (0ms)
			ExecutionOrderSort2 (0ms)
			AwakeInstancesAfterBackupRestoration (0ms)
Platform modules already initialized, skipping
Registering precompiled user dll's ...
Registered in 0.008584 seconds.
Begin MonoManager ReloadAssembly
Symbol file LoadedFromMemory doesn't match image C:\Users\qingc\OneDrive - McGill University\Unity\My project\SpaceShooter\Library\PackageCache\com.unity.visualscripting@1.7.8\Editor\VisualScripting.Core\Dependencies\YamlDotNet\Unity.VisualScripting.YamlDotNet.dll
Symbol file LoadedFromMemory doesn't match image C:\Users\qingc\OneDrive - McGill University\Unity\My project\SpaceShooter\Library\PackageCache\com.unity.visualscripting@1.7.8\Editor\VisualScripting.Core\Dependencies\DotNetZip\Unity.VisualScripting.IonicZip.dll
Native extension for WindowsStandalone target not found
Native extension for Android target not found
Native extension for WebGL target not found
Refreshing native plugins compatible for Editor in 0.59 ms, found 3 plugins.
Preloading 0 native plugins for Editor in 0.00 ms.
Mono: successfully reloaded assembly
- Completed reload, in  1.392 seconds
Domain Reload Profiling:
	ReloadAssembly (1393ms)
		BeginReloadAssembly (262ms)
			ExecutionOrderSort (0ms)
			DisableScriptedObjects (14ms)
			BackupInstance (0ms)
			ReleaseScriptingObjects (0ms)
			CreateAndSetChildDomain (34ms)
		EndReloadAssembly (950ms)
			LoadAssemblies (218ms)
			RebuildTransferFunctionScriptingTraits (0ms)
			SetupTypeCache (358ms)
			ReleaseScriptCaches (0ms)
			RebuildScriptCaches (48ms)
			SetupLoadedEditorAssemblies (370ms)
				LogAssemblyErrors (0ms)
				InitializePlatformSupportModulesInManaged (17ms)
				SetLoadedEditorAssemblies (0ms)
				RefreshPlugins (1ms)
				BeforeProcessingInitializeOnLoad (98ms)
				ProcessInitializeOnLoadAttributes (224ms)
				ProcessInitializeOnLoadMethodAttributes (23ms)
				AfterProcessingInitializeOnLoad (8ms)
				EditorAssembliesLoaded (0ms)
			ExecutionOrderSort2 (0ms)
			AwakeInstancesAfterBackupRestoration (6ms)
Platform modules already initialized, skipping
========================================================================
Worker process is ready to serve import requests
Launched and connected shader compiler UnityShaderCompiler.exe after 0.05 seconds
Refreshing native plugins compatible for Editor in 0.44 ms, found 3 plugins.
Preloading 0 native plugins for Editor in 0.00 ms.
Unloading 3351 Unused Serialized files (Serialized files now loaded: 0)
Unloading 27 unused Assets / (113.4 KB). Loaded Objects now: 3810.
Memory consumption went from 115.4 MB to 115.3 MB.
Total: 2.238000 ms (FindLiveObjects: 0.182500 ms CreateObjectMapping: 0.074100 ms MarkObjects: 1.889300 ms  DeleteObjects: 0.090700 ms)

AssetImportParameters requested are different than current active one (requested -> active):
  custom:video-decoder-ogg-theora: a1e56fd34408186e4bbccfd4996cb3dc -> 
  custom:container-muxer-webm: aa71ff27fc2769a1b78a27578f13a17b -> 
  custom:container-demuxer-webm: 4f35f7cbe854078d1ac9338744f61a02 -> 
  custom:video-encoder-webm-vp8: eb34c28f22e8b96e1ab97ce403110664 -> 
  custom:video-codec-MediaFoundation-h265: 746d11721c4dcdbdad8f713fa42b33f4 -> 
  custom:audio-encoder-webm-vorbis: bf7c407c2cedff20999df2af8eb42d56 -> 
  custom:framework-win-MediaFoundation: 216162199b28c13a410421893ffa2e32 -> 
  custom:container-demuxer-ogg: 62fdf1f143b41e24485cea50d1cbac27 -> 
  custom:video-decoder-webm-vp8: 9c59270c3fd7afecdb556c50c9e8de78 -> 
  custom:audio-decoder-ogg-vorbis: bf7c407c2cedff20999df2af8eb42d56 -> 
========================================================================
Received Import Request.
  Time since last request: 197722.202773 seconds.
  path: Assets/Model/FBX format/machine_wirelessCable.fbx
  artifactKey: Guid(5de3ed908837b3b47817849b9cd37534) Importer(815301076,1909f56bfc062723c751e8b465ee728b)
Start importing Assets/Model/FBX format/machine_wirelessCable.fbx using Guid(5de3ed908837b3b47817849b9cd37534) Importer(815301076,1909f56bfc062723c751e8b465ee728b)  -> (artifact id: 'a437baa3fddfd96bfc553b56a9d4987c') in 0.398828 seconds 
========================================================================
Received Import Request.
  Time since last request: 0.184426 seconds.
  path: Assets/Model/FBX format/monorail_trainBox.fbx
  artifactKey: Guid(5665e5ea6ec73ad45b074126bf1e98e6) Importer(815301076,1909f56bfc062723c751e8b465ee728b)
Start importing Assets/Model/FBX format/monorail_trainBox.fbx using Guid(5665e5ea6ec73ad45b074126bf1e98e6) Importer(815301076,1909f56bfc062723c751e8b465ee728b)  -> (artifact id: 'c7036e3798c07e9c61450a35a7beab6b') in 0.078481 seconds 
========================================================================
Received Import Request.
  Time since last request: 0.000051 seconds.
  path: Assets/Model/FBX format/monorail_trainCargo.fbx
  artifactKey: Guid(48d3806da370ef44ba35ee75b42c76ea) Importer(815301076,1909f56bfc062723c751e8b465ee728b)
Start importing Assets/Model/FBX format/monorail_trainCargo.fbx using Guid(48d3806da370ef44ba35ee75b42c76ea) Importer(815301076,1909f56bfc062723c751e8b465ee728b)  -> (artifact id: '0088231576e4628ca01418f773c5510f') in 0.100489 seconds 
========================================================================
Received Import Request.
  Time since last request: 0.000043 seconds.
  path: Assets/Model/FBX format/pipe_rampSmall.fbx
  artifactKey: Guid(901247a917f6ee740bea48aa29e29d67) Importer(815301076,1909f56bfc062723c751e8b465ee728b)
Start importing Assets/Model/FBX format/pipe_rampSmall.fbx using Guid(901247a917f6ee740bea48aa29e29d67) Importer(815301076,1909f56bfc062723c751e8b465ee728b)  -> (artifact id: '76c166bb9184e587644e0a5ae887d2da') in 0.067094 seconds 
========================================================================
Received Import Request.
  Time since last request: 0.000094 seconds.
  path: Assets/Model/FBX format/pipe_ringHigh.fbx
  artifactKey: Guid(762fca292c52b134f9a2708ab73ece13) Importer(815301076,1909f56bfc062723c751e8b465ee728b)
Start importing Assets/Model/FBX format/pipe_ringHigh.fbx using Guid(762fca292c52b134f9a2708ab73ece13) Importer(815301076,1909f56bfc062723c751e8b465ee728b)  -> (artifact id: '7c17774686bebc1866ae9126e25bcb62') in 0.086142 seconds 
========================================================================
Received Import Request.
  Time since last request: 0.000032 seconds.
  path: Assets/Model/FBX format/pipe_supportHigh.fbx
  artifactKey: Guid(839130795d5db5d439bb4f731eaff4f0) Importer(815301076,1909f56bfc062723c751e8b465ee728b)
Start importing Assets/Model/FBX format/pipe_supportHigh.fbx using Guid(839130795d5db5d439bb4f731eaff4f0) Importer(815301076,1909f56bfc062723c751e8b465ee728b)  -> (artifact id: '49f2632a68416a1f60eebf34bb7929b7') in 0.071881 seconds 
========================================================================
Received Import Request.
  Time since last request: 0.000030 seconds.
  path: Assets/Model/FBX format/pipe_open.fbx
  artifactKey: Guid(c6652d378163ba945828d0732a270bd1) Importer(815301076,1909f56bfc062723c751e8b465ee728b)
Start importing Assets/Model/FBX format/pipe_open.fbx using Guid(c6652d378163ba945828d0732a270bd1) Importer(815301076,1909f56bfc062723c751e8b465ee728b)  -> (artifact id: 'dd8f222138bd6690841318224cd7c169') in 0.055500 seconds 
========================================================================
Received Import Request.
  Time since last request: 0.000191 seconds.
  path: Assets/Model/FBX format/pipe_corner.fbx
  artifactKey: Guid(db913c17be46bc94295f1456593e25b4) Importer(815301076,1909f56bfc062723c751e8b465ee728b)
Start importing Assets/Model/FBX format/pipe_corner.fbx using Guid(db913c17be46bc94295f1456593e25b4) Importer(815301076,1909f56bfc062723c751e8b465ee728b)  -> (artifact id: 'ec0cd269a3a85bb534c73b23d1dabf8c') in 0.077859 seconds 
========================================================================
Received Import Request.
  Time since last request: 0.000028 seconds.
  path: Assets/Model/FBX format/pipe_straight.fbx
  artifactKey: Guid(5fa46836fa986094baa6c4dd3b5526a2) Importer(815301076,1909f56bfc062723c751e8b465ee728b)
Start importing Assets/Model/FBX format/pipe_straight.fbx using Guid(5fa46836fa986094baa6c4dd3b5526a2) Importer(815301076,1909f56bfc062723c751e8b465ee728b)  -> (artifact id: '1fa0bb59a8ca13b81e3f9763fb2343c4') in 0.064936 seconds 
========================================================================
Received Import Request.
  Time since last request: 0.000029 seconds.
  path: Assets/Model/FBX format/pipe_cornerDiagonal.fbx
  artifactKey: Guid(09290cf953f4f124aa7304238a6c5744) Importer(815301076,1909f56bfc062723c751e8b465ee728b)
Start importing Assets/Model/FBX format/pipe_cornerDiagonal.fbx using Guid(09290cf953f4f124aa7304238a6c5744) Importer(815301076,1909f56bfc062723c751e8b465ee728b)  -> (artifact id: 'c865eb56cb8a142259344e61ece938a4') in 0.060251 seconds 
========================================================================
Received Import Request.
  Time since last request: 0.000035 seconds.
  path: Assets/Model/FBX format/monorail_trainPassenger.fbx
  artifactKey: Guid(812c99ae1eaf15344bbc979b9f57a332) Importer(815301076,1909f56bfc062723c751e8b465ee728b)
Start importing Assets/Model/FBX format/monorail_trainPassenger.fbx using Guid(812c99ae1eaf15344bbc979b9f57a332) Importer(815301076,1909f56bfc062723c751e8b465ee728b)  -> (artifact id: '815c65d3acde0706aee0e4da2a9b9bcc') in 0.061474 seconds 
========================================================================
Received Import Request.
  Time since last request: 1.266164 seconds.
  path: Assets/Model/FBX format/platform_large.fbx
  artifactKey: Guid(6c70cb7074d15584fa7751369532a0c7) Importer(815301076,1909f56bfc062723c751e8b465ee728b)
Start importing Assets/Model/FBX format/platform_large.fbx using Guid(6c70cb7074d15584fa7751369532a0c7) Importer(815301076,1909f56bfc062723c751e8b465ee728b)  -> (artifact id: '9d68f780c4e1a940784c9fa69aaa564d') in 0.059815 seconds 
========================================================================
Received Import Request.
  Time since last request: 0.000034 seconds.
  path: Assets/Model/FBX format/platform_long.fbx
  artifactKey: Guid(1169c74b9c6d94142839d8452e8bf1f0) Importer(815301076,1909f56bfc062723c751e8b465ee728b)
Start importing Assets/Model/FBX format/platform_long.fbx using Guid(1169c74b9c6d94142839d8452e8bf1f0) Importer(815301076,1909f56bfc062723c751e8b465ee728b)  -> (artifact id: 'f70e27c4acae4c70e444ef33096df74d') in 0.054898 seconds 
========================================================================
Received Import Request.
  Time since last request: 0.000066 seconds.
  path: Assets/Model/FBX format/rock_crystalsLargeB.fbx
  artifactKey: Guid(708f483322591cd4d83dd8419d09f1e4) Importer(815301076,1909f56bfc062723c751e8b465ee728b)
Start importing Assets/Model/FBX format/rock_crystalsLargeB.fbx using Guid(708f483322591cd4d83dd8419d09f1e4) Importer(815301076,1909f56bfc062723c751e8b465ee728b)  -> (artifact id: 'bcccdb4381a87ea235bac1ec9fe62b57') in 0.048673 seconds 
========================================================================
Received Import Request.
  Time since last request: 0.000034 seconds.
  path: Assets/Model/FBX format/rocks_smallA.fbx
  artifactKey: Guid(23f1e6a63de4b84439ca6e4d08623073) Importer(815301076,1909f56bfc062723c751e8b465ee728b)
Start importing Assets/Model/FBX format/rocks_smallA.fbx using Guid(23f1e6a63de4b84439ca6e4d08623073) Importer(815301076,1909f56bfc062723c751e8b465ee728b)  -> (artifact id: 'bd08893d349f772a746eb86fe3cd643e') in 0.037575 seconds 
========================================================================
Received Import Request.
  Time since last request: 0.000047 seconds.
  path: Assets/Model/FBX format/rocket_baseB.fbx
  artifactKey: Guid(21064e893cda1754fa5c9d81432a9495) Importer(815301076,1909f56bfc062723c751e8b465ee728b)
Start importing Assets/Model/FBX format/rocket_baseB.fbx using Guid(21064e893cda1754fa5c9d81432a9495) Importer(815301076,1909f56bfc062723c751e8b465ee728b)  -> (artifact id: '082ee035c4bca8d4dd4f97dabc4929ab') in 0.049598 seconds 
========================================================================
Received Import Request.
  Time since last request: 0.000030 seconds.
  path: Assets/Model/FBX format/rocket_topB.fbx
  artifactKey: Guid(f77026efc4992de4384da2ddcc5e1a1d) Importer(815301076,1909f56bfc062723c751e8b465ee728b)
Start importing Assets/Model/FBX format/rocket_topB.fbx using Guid(f77026efc4992de4384da2ddcc5e1a1d) Importer(815301076,1909f56bfc062723c751e8b465ee728b)  -> (artifact id: 'c2b8023278ddf9fd2fe3a354f6966aa8') in 0.046145 seconds 
========================================================================
Received Import Request.
  Time since last request: 0.000041 seconds.
  path: Assets/Model/FBX format/rocket_sidesB.fbx
  artifactKey: Guid(a83713aff540b5946b49a2964362cb18) Importer(815301076,1909f56bfc062723c751e8b465ee728b)
Start importing Assets/Model/FBX format/rocket_sidesB.fbx using Guid(a83713aff540b5946b49a2964362cb18) Importer(815301076,1909f56bfc062723c751e8b465ee728b)  -> (artifact id: 'adf64ac14c64e1c2ff24041e22d9bfea') in 0.049901 seconds 
========================================================================
Received Import Request.
  Time since last request: 0.000047 seconds.
  path: Assets/Model/FBX format/rocket_finsB.fbx
  artifactKey: Guid(ab771a0b5e1ea6f40bef9485ada44271) Importer(815301076,1909f56bfc062723c751e8b465ee728b)
Start importing Assets/Model/FBX format/rocket_finsB.fbx using Guid(ab771a0b5e1ea6f40bef9485ada44271) Importer(815301076,1909f56bfc062723c751e8b465ee728b)  -> (artifact id: '3a31b622e9ec7da8e161be95d88ad0c2') in 0.053964 seconds 
========================================================================
Received Import Request.
  Time since last request: 0.000039 seconds.
  path: Assets/Model/FBX format/rail_end.fbx
  artifactKey: Guid(ede161d8c15ab274abaa0a622174ba1c) Importer(815301076,1909f56bfc062723c751e8b465ee728b)
Start importing Assets/Model/FBX format/rail_end.fbx using Guid(ede161d8c15ab274abaa0a622174ba1c) Importer(815301076,1909f56bfc062723c751e8b465ee728b)  -> (artifact id: '63e70493e227bb8a24ee93ef49854fa2') in 0.044982 seconds 
========================================================================
Received Import Request.
  Time since last request: 0.000040 seconds.
  path: Assets/Model/FBX format/platform_straight.fbx
  artifactKey: Guid(df830109d2178794d9c8d17c46b14a37) Importer(815301076,1909f56bfc062723c751e8b465ee728b)
Start importing Assets/Model/FBX format/platform_straight.fbx using Guid(df830109d2178794d9c8d17c46b14a37) Importer(815301076,1909f56bfc062723c751e8b465ee728b)  -> (artifact id: 'bfbce2e9661354723754bf35ea8a7b78') in 0.037068 seconds 
========================================================================
Received Import Request.
  Time since last request: 0.462922 seconds.
  path: Assets/Model/FBX format/satelliteDish.fbx
  artifactKey: Guid(32ea092c047cb6e41a87f2bc5eed1cbc) Importer(815301076,1909f56bfc062723c751e8b465ee728b)
Start importing Assets/Model/FBX format/satelliteDish.fbx using Guid(32ea092c047cb6e41a87f2bc5eed1cbc) Importer(815301076,1909f56bfc062723c751e8b465ee728b)  -> (artifact id: '5531a7ff5102d86be0675bda778d7d7d') in 0.114511 seconds 
========================================================================
Received Import Request.
  Time since last request: 0.000053 seconds.
  path: Assets/Model/FBX format/satelliteDish_detailed.fbx
  artifactKey: Guid(511c6b705b431054db5e74d838186829) Importer(815301076,1909f56bfc062723c751e8b465ee728b)
Start importing Assets/Model/FBX format/satelliteDish_detailed.fbx using Guid(511c6b705b431054db5e74d838186829) Importer(815301076,1909f56bfc062723c751e8b465ee728b)  -> (artifact id: '0f13dcb88e3df4ee7096e48cd552c773') in 0.085615 seconds 
========================================================================
Received Import Request.
  Time since last request: 0.000039 seconds.
  path: Assets/Model/FBX format/terrain_sideCorner.fbx
  artifactKey: Guid(5956aa51511c8564d8475548c7dfa9ad) Importer(815301076,1909f56bfc062723c751e8b465ee728b)
Start importing Assets/Model/FBX format/terrain_sideCorner.fbx using Guid(5956aa51511c8564d8475548c7dfa9ad) Importer(815301076,1909f56bfc062723c751e8b465ee728b)  -> (artifact id: 'de4e884991eefcf864e05eb7f2d1f859') in 0.050115 seconds 
========================================================================
Received Import Request.
  Time since last request: 0.000040 seconds.
  path: Assets/Model/FBX format/stairs_short.fbx
  artifactKey: Guid(17a63e4ef49d89340966e7242cfcad08) Importer(815301076,1909f56bfc062723c751e8b465ee728b)
Start importing Assets/Model/FBX format/stairs_short.fbx using Guid(17a63e4ef49d89340966e7242cfcad08) Importer(815301076,1909f56bfc062723c751e8b465ee728b)  -> (artifact id: '1f68684cb04a95951848b3b283f272fc') in 0.052191 seconds 
========================================================================
Received Import Request.
  Time since last request: 0.000052 seconds.
  path: Assets/Model/FBX format/structure.fbx
  artifactKey: Guid(76beaebd70baa644cb063b31ac7b686f) Importer(815301076,1909f56bfc062723c751e8b465ee728b)
Start importing Assets/Model/FBX format/structure.fbx using Guid(76beaebd70baa644cb063b31ac7b686f) Importer(815301076,1909f56bfc062723c751e8b465ee728b)  -> (artifact id: 'aaaff09680f2c6d157c2c80bc7e2d3c1') in 0.043078 seconds 
========================================================================
Received Import Request.
  Time since last request: 0.000024 seconds.
  path: Assets/Model/FBX format/terrain_rampLarge_detailed.fbx
  artifactKey: Guid(1506d0e1f9826c94696eba9aa4036925) Importer(815301076,1909f56bfc062723c751e8b465ee728b)
Start importing Assets/Model/FBX format/terrain_rampLarge_detailed.fbx using Guid(1506d0e1f9826c94696eba9aa4036925) Importer(815301076,1909f56bfc062723c751e8b465ee728b)  -> (artifact id: 'be78eb42827e67a43d894ffb307ce5d7') in 0.048480 seconds 
========================================================================
Received Import Request.
  Time since last request: 0.000037 seconds.
  path: Assets/Model/FBX format/terrain_sideCornerInner.fbx
  artifactKey: Guid(2b5b1949c7828b14890f1c4a7a9f926d) Importer(815301076,1909f56bfc062723c751e8b465ee728b)
Start importing Assets/Model/FBX format/terrain_sideCornerInner.fbx using Guid(2b5b1949c7828b14890f1c4a7a9f926d) Importer(815301076,1909f56bfc062723c751e8b465ee728b)  -> (artifact id: '78d89da51d228110f3862af1b95920bf') in 0.048045 seconds 
========================================================================
Received Import Request.
  Time since last request: 0.000050 seconds.
  path: Assets/Model/FBX format/terrain.fbx
  artifactKey: Guid(a962daa0ddbc6004c87a18494917d216) Importer(815301076,1909f56bfc062723c751e8b465ee728b)
Start importing Assets/Model/FBX format/terrain.fbx using Guid(a962daa0ddbc6004c87a18494917d216) Importer(815301076,1909f56bfc062723c751e8b465ee728b)  -> (artifact id: '8573c5600c0dec6df78687781a643082') in 0.043200 seconds 
========================================================================
Received Import Request.
  Time since last request: 0.000036 seconds.
  path: Assets/Model/FBX format/structure_detailed.fbx
  artifactKey: Guid(cf96bd7f26206de4bbae46168b77276b) Importer(815301076,1909f56bfc062723c751e8b465ee728b)
Start importing Assets/Model/FBX format/structure_detailed.fbx using Guid(cf96bd7f26206de4bbae46168b77276b) Importer(815301076,1909f56bfc062723c751e8b465ee728b)  -> (artifact id: '355dc6aaf29c40f01ab2d8063e65b423') in 0.059106 seconds 
========================================================================
Received Import Request.
  Time since last request: 0.000048 seconds.
  path: Assets/Model/FBX format/structure_diagonal.fbx
  artifactKey: Guid(2692807d748be1a4fb66f63008f80799) Importer(815301076,1909f56bfc062723c751e8b465ee728b)
Start importing Assets/Model/FBX format/structure_diagonal.fbx using Guid(2692807d748be1a4fb66f63008f80799) Importer(815301076,1909f56bfc062723c751e8b465ee728b)  -> (artifact id: '3d48fde1ca8bdd87c708e65a5e18066a') in 0.055588 seconds 
Editor requested this worker to shutdown with reason: Scaling down because of idle timeout
AssetImportWorker is now disconnected from the server
Process exiting
Exiting without the bug reporter. Application will terminate with return code 0