Using pre-set license
Built from '2021.3/staging' branch; Version is '2021.3.14f1 (eee1884e7226) revision 15655304'; Using compiler version '192829333'; Build Type 'Release'
OS: 'Windows 10  (10.0.19045) 64bit Professional' Language: 'zh' Physical Memory: 16068 MB
BatchMode: 1, IsHumanControllingUs: 0, StartBugReporterOnCrash: 0, Is64bit: 1, IsPro: 1

COMMAND LINE ARGUMENTS:
C:\Program Files\Unity\Hub\Editor\2021.3.14f1\Editor\Unity.exe
-adb2
-batchMode
-noUpm
-name
AssetImportWorker3
-projectPath
C:/Users/qingc/OneDrive - McGill University/Unity/My project/SpaceShooter
-logFile
Logs/AssetImportWorker3.log
-srvPort
54697
Successfully changed project path to: C:/Users/qingc/OneDrive - McGill University/Unity/My project/SpaceShooter
C:/Users/qingc/OneDrive - McGill University/Unity/My project/SpaceShooter
[UnityMemory] Configuration Parameters - Can be set up in boot.config
    "memorysetup-bucket-allocator-granularity=16"
    "memorysetup-bucket-allocator-bucket-count=8"
    "memorysetup-bucket-allocator-block-size=33554432"
    "memorysetup-bucket-allocator-block-count=8"
    "memorysetup-main-allocator-block-size=16777216"
    "memorysetup-thread-allocator-block-size=16777216"
    "memorysetup-gfx-main-allocator-block-size=16777216"
    "memorysetup-gfx-thread-allocator-block-size=16777216"
    "memorysetup-cache-allocator-block-size=4194304"
    "memorysetup-typetree-allocator-block-size=2097152"
    "memorysetup-profiler-bucket-allocator-granularity=16"
    "memorysetup-profiler-bucket-allocator-bucket-count=8"
    "memorysetup-profiler-bucket-allocator-block-size=33554432"
    "memorysetup-profiler-bucket-allocator-block-count=8"
    "memorysetup-profiler-allocator-block-size=16777216"
    "memorysetup-profiler-editor-allocator-block-size=1048576"
    "memorysetup-temp-allocator-size-main=16777216"
    "memorysetup-job-temp-allocator-block-size=2097152"
    "memorysetup-job-temp-allocator-block-size-background=1048576"
    "memorysetup-job-temp-allocator-reduction-small-platforms=262144"
    "memorysetup-temp-allocator-size-background-worker=32768"
    "memorysetup-temp-allocator-size-job-worker=262144"
    "memorysetup-temp-allocator-size-preload-manager=33554432"
    "memorysetup-temp-allocator-size-nav-mesh-worker=65536"
    "memorysetup-temp-allocator-size-audio-worker=65536"
    "memorysetup-temp-allocator-size-cloud-worker=32768"
    "memorysetup-temp-allocator-size-gi-baking-worker=262144"
    "memorysetup-temp-allocator-size-gfx=262144"
Refreshing native plugins compatible for Editor in 131.50 ms, found 3 plugins.
Preloading 0 native plugins for Editor in 0.00 ms.
Initialize engine version: 2021.3.14f1 (eee1884e7226)
[Subsystems] Discovering subsystems at path C:/Program Files/Unity/Hub/Editor/2021.3.14f1/Editor/Data/Resources/UnitySubsystems
[Subsystems] Discovering subsystems at path C:/Users/qingc/OneDrive - McGill University/Unity/My project/SpaceShooter/Assets
GfxDevice: creating device client; threaded=0; jobified=0
Direct3D:
    Version:  Direct3D 11.0 [level 11.1]
    Renderer: Intel(R) Iris(R) Xe Graphics (ID=0x46a8)
    Vendor:   Intel
    VRAM:     8034 MB
    Driver:   31.0.101.4255
Initialize mono
Mono path[0] = 'C:/Program Files/Unity/Hub/Editor/2021.3.14f1/Editor/Data/Managed'
Mono path[1] = 'C:/Program Files/Unity/Hub/Editor/2021.3.14f1/Editor/Data/MonoBleedingEdge/lib/mono/unityjit-win32'
Mono config path = 'C:/Program Files/Unity/Hub/Editor/2021.3.14f1/Editor/Data/MonoBleedingEdge/etc'
Using monoOptions --debugger-agent=transport=dt_socket,embedding=1,server=y,suspend=n,address=127.0.0.1:56540
Begin MonoManager ReloadAssembly
Registering precompiled unity dll's ...
Register platform support module: C:/Program Files/Unity/Hub/Editor/2021.3.14f1/Editor/Data/PlaybackEngines/WebGLSupport/UnityEditor.WebGL.Extensions.dll
Register platform support module: C:/Program Files/Unity/Hub/Editor/2021.3.14f1/Editor/Data/PlaybackEngines/AndroidPlayer/UnityEditor.Android.Extensions.dll
Register platform support module: C:/Program Files/Unity/Hub/Editor/2021.3.14f1/Editor/Data/PlaybackEngines/WindowsStandaloneSupport/UnityEditor.WindowsStandalone.Extensions.dll
Registered in 0.012657 seconds.
Native extension for WindowsStandalone target not found
Native extension for Android target not found
Native extension for WebGL target not found
Refreshing native plugins compatible for Editor in 129.09 ms, found 3 plugins.
Preloading 0 native plugins for Editor in 0.00 ms.
Mono: successfully reloaded assembly
- Completed reload, in  1.060 seconds
Domain Reload Profiling:
	ReloadAssembly (1061ms)
		BeginReloadAssembly (125ms)
			ExecutionOrderSort (0ms)
			DisableScriptedObjects (0ms)
			BackupInstance (0ms)
			ReleaseScriptingObjects (0ms)
			CreateAndSetChildDomain (1ms)
		EndReloadAssembly (742ms)
			LoadAssemblies (122ms)
			RebuildTransferFunctionScriptingTraits (0ms)
			SetupTypeCache (146ms)
			ReleaseScriptCaches (0ms)
			RebuildScriptCaches (65ms)
			SetupLoadedEditorAssemblies (449ms)
				LogAssemblyErrors (0ms)
				InitializePlatformSupportModulesInManaged (59ms)
				SetLoadedEditorAssemblies (0ms)
				RefreshPlugins (129ms)
				BeforeProcessingInitializeOnLoad (3ms)
				ProcessInitializeOnLoadAttributes (188ms)
				ProcessInitializeOnLoadMethodAttributes (69ms)
				AfterProcessingInitializeOnLoad (0ms)
				EditorAssembliesLoaded (0ms)
			ExecutionOrderSort2 (0ms)
			AwakeInstancesAfterBackupRestoration (0ms)
Platform modules already initialized, skipping
Registering precompiled user dll's ...
Registered in 0.008909 seconds.
Begin MonoManager ReloadAssembly
Symbol file LoadedFromMemory doesn't match image C:\Users\qingc\OneDrive - McGill University\Unity\My project\SpaceShooter\Library\PackageCache\com.unity.visualscripting@1.7.8\Editor\VisualScripting.Core\Dependencies\YamlDotNet\Unity.VisualScripting.YamlDotNet.dll
Symbol file LoadedFromMemory doesn't match image C:\Users\qingc\OneDrive - McGill University\Unity\My project\SpaceShooter\Library\PackageCache\com.unity.visualscripting@1.7.8\Editor\VisualScripting.Core\Dependencies\DotNetZip\Unity.VisualScripting.IonicZip.dll
Native extension for WindowsStandalone target not found
Native extension for Android target not found
Native extension for WebGL target not found
Refreshing native plugins compatible for Editor in 0.68 ms, found 3 plugins.
Preloading 0 native plugins for Editor in 0.00 ms.
Mono: successfully reloaded assembly
- Completed reload, in  1.744 seconds
Domain Reload Profiling:
	ReloadAssembly (1745ms)
		BeginReloadAssembly (128ms)
			ExecutionOrderSort (0ms)
			DisableScriptedObjects (7ms)
			BackupInstance (0ms)
			ReleaseScriptingObjects (0ms)
			CreateAndSetChildDomain (21ms)
		EndReloadAssembly (1471ms)
			LoadAssemblies (104ms)
			RebuildTransferFunctionScriptingTraits (0ms)
			SetupTypeCache (498ms)
			ReleaseScriptCaches (1ms)
			RebuildScriptCaches (89ms)
			SetupLoadedEditorAssemblies (643ms)
				LogAssemblyErrors (0ms)
				InitializePlatformSupportModulesInManaged (21ms)
				SetLoadedEditorAssemblies (1ms)
				RefreshPlugins (1ms)
				BeforeProcessingInitializeOnLoad (132ms)
				ProcessInitializeOnLoadAttributes (419ms)
				ProcessInitializeOnLoadMethodAttributes (50ms)
				AfterProcessingInitializeOnLoad (19ms)
				EditorAssembliesLoaded (0ms)
			ExecutionOrderSort2 (0ms)
			AwakeInstancesAfterBackupRestoration (13ms)
Platform modules already initialized, skipping
========================================================================
Worker process is ready to serve import requests
Launched and connected shader compiler UnityShaderCompiler.exe after 0.07 seconds
Refreshing native plugins compatible for Editor in 0.98 ms, found 3 plugins.
Preloading 0 native plugins for Editor in 0.00 ms.
Unloading 3360 Unused Serialized files (Serialized files now loaded: 0)
Unloading 26 unused Assets / (87.7 KB). Loaded Objects now: 3839.
Memory consumption went from 127.8 MB to 127.8 MB.
Total: 6.386100 ms (FindLiveObjects: 0.424900 ms CreateObjectMapping: 0.216800 ms MarkObjects: 5.524600 ms  DeleteObjects: 0.217300 ms)

AssetImportParameters requested are different than current active one (requested -> active):
  custom:video-decoder-ogg-theora: a1e56fd34408186e4bbccfd4996cb3dc -> 
  custom:container-muxer-webm: aa71ff27fc2769a1b78a27578f13a17b -> 
  custom:container-demuxer-webm: 4f35f7cbe854078d1ac9338744f61a02 -> 
  custom:video-encoder-webm-vp8: eb34c28f22e8b96e1ab97ce403110664 -> 
  custom:video-codec-MediaFoundation-h265: 746d11721c4dcdbdad8f713fa42b33f4 -> 
  custom:audio-encoder-webm-vorbis: bf7c407c2cedff20999df2af8eb42d56 -> 
  custom:framework-win-MediaFoundation: 216162199b28c13a410421893ffa2e32 -> 
  custom:container-demuxer-ogg: 62fdf1f143b41e24485cea50d1cbac27 -> 
  custom:video-decoder-webm-vp8: 9c59270c3fd7afecdb556c50c9e8de78 -> 
  custom:audio-decoder-ogg-vorbis: bf7c407c2cedff20999df2af8eb42d56 -> 
========================================================================
Received Import Request.
  Time since last request: 502176.022894 seconds.
  path: Assets/UI/2DSimpleUIPack/Examples/Graphics/ui-panels.png
  artifactKey: Guid(c902e08bd83e04947b6e8d7f31f385be) Importer(815301076,1909f56bfc062723c751e8b465ee728b)
Start importing Assets/UI/2DSimpleUIPack/Examples/Graphics/ui-panels.png using Guid(c902e08bd83e04947b6e8d7f31f385be) Importer(815301076,1909f56bfc062723c751e8b465ee728b)  -> (artifact id: '628f0aea772105da905d45ed0a68676a') in 0.232864 seconds 
========================================================================
Received Import Request.
  Time since last request: 3.631179 seconds.
  path: Assets/UI/2DSimpleUIPack/Examples/Prefabs/SmallButtons/RightBlackButton.prefab
  artifactKey: Guid(d20ea113b1db3fc40892e3e6419edb97) Importer(815301076,1909f56bfc062723c751e8b465ee728b)
Start importing Assets/UI/2DSimpleUIPack/Examples/Prefabs/SmallButtons/RightBlackButton.prefab using Guid(d20ea113b1db3fc40892e3e6419edb97) Importer(815301076,1909f56bfc062723c751e8b465ee728b)  -> (artifact id: '35ce80cc9668f8f33877a411e4deaf59') in 0.054946 seconds 
========================================================================
Received Import Request.
  Time since last request: 0.000066 seconds.
  path: Assets/UI/2DSimpleUIPack/Examples/Prefabs/SmallButtons/UpBlackButton.prefab
  artifactKey: Guid(7841b45ffe1a21446a4f041cdae97841) Importer(815301076,1909f56bfc062723c751e8b465ee728b)
Start importing Assets/UI/2DSimpleUIPack/Examples/Prefabs/SmallButtons/UpBlackButton.prefab using Guid(7841b45ffe1a21446a4f041cdae97841) Importer(815301076,1909f56bfc062723c751e8b465ee728b)  -> (artifact id: '05e9f212651a87074bec81ad178cdb14') in 0.022981 seconds 
========================================================================
Received Import Request.
  Time since last request: 45.453293 seconds.
  path: Assets/UI/2DSimpleUIPack/Examples/Prefabs/VerticalButtons/VerticalGreenButton.prefab
  artifactKey: Guid(44373c1366e91194fbd516b802b0337f) Importer(815301076,1909f56bfc062723c751e8b465ee728b)
Start importing Assets/UI/2DSimpleUIPack/Examples/Prefabs/VerticalButtons/VerticalGreenButton.prefab using Guid(44373c1366e91194fbd516b802b0337f) Importer(815301076,1909f56bfc062723c751e8b465ee728b)  -> (artifact id: '7925ae8841f27dbc1cdd4c3dc06913d5') in 0.016662 seconds 
========================================================================
Received Import Request.
  Time since last request: 0.000026 seconds.
  path: Assets/UI/2DSimpleUIPack/Examples/Prefabs/VerticalButtons/VerticalRedButton.prefab
  artifactKey: Guid(2f74ecb441300fa468c20abcf70c6599) Importer(815301076,1909f56bfc062723c751e8b465ee728b)
Start importing Assets/UI/2DSimpleUIPack/Examples/Prefabs/VerticalButtons/VerticalRedButton.prefab using Guid(2f74ecb441300fa468c20abcf70c6599) Importer(815301076,1909f56bfc062723c751e8b465ee728b)  -> (artifact id: 'c09afe9a769e71f38faf64ffa6b4ae98') in 0.016489 seconds 
========================================================================
Received Import Request.
  Time since last request: 466.939626 seconds.
  path: Assets/TextMesh Pro/Resources/Fonts & Materials/LiberationSans SDF - Fallback.asset
  artifactKey: Guid(2e498d1c8094910479dc3e1b768306a4) Importer(815301076,1909f56bfc062723c751e8b465ee728b)
Start importing Assets/TextMesh Pro/Resources/Fonts & Materials/LiberationSans SDF - Fallback.asset using Guid(2e498d1c8094910479dc3e1b768306a4) Importer(815301076,1909f56bfc062723c751e8b465ee728b)  -> (artifact id: '9a8999bce672572a16af6fda168d35f3') in 0.156020 seconds 
========================================================================
Received Import Request.
  Time since last request: 82.797235 seconds.
  path: Assets/Image/kenney_ui-pack-space-expansion/sample.png
  artifactKey: Guid(d9aa2e89a2a8dd945bf8de9aab1d30d0) Importer(815301076,1909f56bfc062723c751e8b465ee728b)
Start importing Assets/Image/kenney_ui-pack-space-expansion/sample.png using Guid(d9aa2e89a2a8dd945bf8de9aab1d30d0) Importer(815301076,1909f56bfc062723c751e8b465ee728b)  -> (artifact id: 'b66ace1a4750a68ee0e21766af51307a') in 0.071176 seconds 
========================================================================
Received Import Request.
  Time since last request: 15.345386 seconds.
  path: Assets/TextMesh Pro/Resources/Fonts & Materials/LiberationSans SDF - Outline.mat
  artifactKey: Guid(79459efec17a4d00a321bdcc27bbc385) Importer(815301076,1909f56bfc062723c751e8b465ee728b)
Start importing Assets/TextMesh Pro/Resources/Fonts & Materials/LiberationSans SDF - Outline.mat using Guid(79459efec17a4d00a321bdcc27bbc385) Importer(815301076,1909f56bfc062723c751e8b465ee728b)  -> (artifact id: 'f0360f16dcf903ae56918c4094d259e2') in 0.113888 seconds 
========================================================================
Received Import Request.
  Time since last request: 564.022846 seconds.
  path: Assets/Image/kenney_ui-pack-space-expansion/PNG/barHorizontal_red_mid.png
  artifactKey: Guid(76ff7f4e651ba624face3665d9e7060d) Importer(815301076,1909f56bfc062723c751e8b465ee728b)
Start importing Assets/Image/kenney_ui-pack-space-expansion/PNG/barHorizontal_red_mid.png using Guid(76ff7f4e651ba624face3665d9e7060d) Importer(815301076,1909f56bfc062723c751e8b465ee728b)  -> (artifact id: '9d07774951fa17c583dc7faa8ff75a6f') in 0.035744 seconds 
========================================================================
Received Import Request.
  Time since last request: 0.000030 seconds.
  path: Assets/Image/kenney_ui-pack-space-expansion/PNG/barHorizontal_shadow_left.png
  artifactKey: Guid(804d6c5b6aa8ddc439a521a3242b2620) Importer(815301076,1909f56bfc062723c751e8b465ee728b)
Start importing Assets/Image/kenney_ui-pack-space-expansion/PNG/barHorizontal_shadow_left.png using Guid(804d6c5b6aa8ddc439a521a3242b2620) Importer(815301076,1909f56bfc062723c751e8b465ee728b)  -> (artifact id: 'd8595fd32bdbbb0acc4218bf30ae0afd') in 0.028653 seconds 
========================================================================
Received Import Request.
  Time since last request: 0.000035 seconds.
  path: Assets/Image/kenney_ui-pack-space-expansion/PNG/barVertical_white_bottom.png
  artifactKey: Guid(b910db348bbc2f74eaf2d3a6d68a8d2e) Importer(815301076,1909f56bfc062723c751e8b465ee728b)
Start importing Assets/Image/kenney_ui-pack-space-expansion/PNG/barVertical_white_bottom.png using Guid(b910db348bbc2f74eaf2d3a6d68a8d2e) Importer(815301076,1909f56bfc062723c751e8b465ee728b)  -> (artifact id: '241da19c8fd806e8c4fa757c25bb80b5') in 0.026878 seconds 
========================================================================
Received Import Request.
  Time since last request: 0.000058 seconds.
  path: Assets/Image/kenney_ui-pack-space-expansion/PNG/barVertical_yellow_mid.png
  artifactKey: Guid(764688adacfb91344aba902a6d8b5252) Importer(815301076,1909f56bfc062723c751e8b465ee728b)
Start importing Assets/Image/kenney_ui-pack-space-expansion/PNG/barVertical_yellow_mid.png using Guid(764688adacfb91344aba902a6d8b5252) Importer(815301076,1909f56bfc062723c751e8b465ee728b)  -> (artifact id: 'f429a2df59bdf6badb10df3587e69486') in 0.024779 seconds 
========================================================================
Received Import Request.
  Time since last request: 0.000029 seconds.
  path: Assets/Image/kenney_ui-pack-space-expansion/PNG/barVertical_blue_mid.png
  artifactKey: Guid(baaa71f6072446940997ffb825503848) Importer(815301076,1909f56bfc062723c751e8b465ee728b)
Start importing Assets/Image/kenney_ui-pack-space-expansion/PNG/barVertical_blue_mid.png using Guid(baaa71f6072446940997ffb825503848) Importer(815301076,1909f56bfc062723c751e8b465ee728b)  -> (artifact id: '68e917e021b02fbf48757e9f02c5d0d7') in 0.022293 seconds 
========================================================================
Received Import Request.
  Time since last request: 0.000033 seconds.
  path: Assets/Image/kenney_ui-pack-space-expansion/PNG/barVertical_yellow_top.png
  artifactKey: Guid(10e7c5a4aeef21f4da4314d1826d6234) Importer(815301076,1909f56bfc062723c751e8b465ee728b)
Start importing Assets/Image/kenney_ui-pack-space-expansion/PNG/barVertical_yellow_top.png using Guid(10e7c5a4aeef21f4da4314d1826d6234) Importer(815301076,1909f56bfc062723c751e8b465ee728b)  -> (artifact id: '234891487c25877500aec183a38d92dd') in 0.024508 seconds 
========================================================================
Received Import Request.
  Time since last request: 0.000031 seconds.
  path: Assets/Image/kenney_ui-pack-space-expansion/PNG/barHorizontal_white_left.png
  artifactKey: Guid(fc994f16d228aac4f9c3b72caf227168) Importer(815301076,1909f56bfc062723c751e8b465ee728b)
Start importing Assets/Image/kenney_ui-pack-space-expansion/PNG/barHorizontal_white_left.png using Guid(fc994f16d228aac4f9c3b72caf227168) Importer(815301076,1909f56bfc062723c751e8b465ee728b)  -> (artifact id: '7d6b4d2147cefe2836ce7ced57ec59a5') in 0.024881 seconds 
========================================================================
Received Import Request.
  Time since last request: 0.000043 seconds.
  path: Assets/Image/kenney_ui-pack-space-expansion/PNG/barHorizontal_shadow_mid.png
  artifactKey: Guid(245a55d10ec41ad42a831848faadfec3) Importer(815301076,1909f56bfc062723c751e8b465ee728b)
Start importing Assets/Image/kenney_ui-pack-space-expansion/PNG/barHorizontal_shadow_mid.png using Guid(245a55d10ec41ad42a831848faadfec3) Importer(815301076,1909f56bfc062723c751e8b465ee728b)  -> (artifact id: 'e40a930c421286dbb2c27afb59184ac6') in 0.021938 seconds 
========================================================================
Received Import Request.
  Time since last request: 0.000035 seconds.
  path: Assets/Image/kenney_ui-pack-space-expansion/PNG/barVertical_red_mid.png
  artifactKey: Guid(df6a86add0ef0324892e7a3500ff121c) Importer(815301076,1909f56bfc062723c751e8b465ee728b)
Start importing Assets/Image/kenney_ui-pack-space-expansion/PNG/barVertical_red_mid.png using Guid(df6a86add0ef0324892e7a3500ff121c) Importer(815301076,1909f56bfc062723c751e8b465ee728b)  -> (artifact id: 'b9cf662d26e74781a2314084f669b09d') in 0.021778 seconds 
========================================================================
Received Import Request.
  Time since last request: 0.000036 seconds.
  path: Assets/Image/kenney_ui-pack-space-expansion/PNG/barVertical_shadow_bottom.png
  artifactKey: Guid(7ff015ea3086d77428e3b4b28747c8c3) Importer(815301076,1909f56bfc062723c751e8b465ee728b)
Start importing Assets/Image/kenney_ui-pack-space-expansion/PNG/barVertical_shadow_bottom.png using Guid(7ff015ea3086d77428e3b4b28747c8c3) Importer(815301076,1909f56bfc062723c751e8b465ee728b)  -> (artifact id: '3fd94d10e21989fda3e40f8772f39528') in 0.021281 seconds 
========================================================================
Received Import Request.
  Time since last request: 0.000039 seconds.
  path: Assets/Image/kenney_ui-pack-space-expansion/PNG/barVertical_white_mid.png
  artifactKey: Guid(13b6c650567840a41a766cbbd6aa402c) Importer(815301076,1909f56bfc062723c751e8b465ee728b)
Start importing Assets/Image/kenney_ui-pack-space-expansion/PNG/barVertical_white_mid.png using Guid(13b6c650567840a41a766cbbd6aa402c) Importer(815301076,1909f56bfc062723c751e8b465ee728b)  -> (artifact id: 'cfe72f9d00e800761c0ef463d2597b67') in 0.027490 seconds 
========================================================================
Received Import Request.
  Time since last request: 0.000038 seconds.
  path: Assets/Image/kenney_ui-pack-space-expansion/PNG/barHorizontal_red_right.png
  artifactKey: Guid(2c49b74264b41df48ac8681179aa11b8) Importer(815301076,1909f56bfc062723c751e8b465ee728b)
Start importing Assets/Image/kenney_ui-pack-space-expansion/PNG/barHorizontal_red_right.png using Guid(2c49b74264b41df48ac8681179aa11b8) Importer(815301076,1909f56bfc062723c751e8b465ee728b)  -> (artifact id: 'bf5dcfec12cf854802b60ca598ffbbd6') in 0.024056 seconds 
========================================================================
Received Import Request.
  Time since last request: 0.000033 seconds.
  path: Assets/Image/kenney_ui-pack-space-expansion/PNG/barVertical_yellow_bottom.png
  artifactKey: Guid(106be6babd90c9445b4ed164b71afd18) Importer(815301076,1909f56bfc062723c751e8b465ee728b)
Start importing Assets/Image/kenney_ui-pack-space-expansion/PNG/barVertical_yellow_bottom.png using Guid(106be6babd90c9445b4ed164b71afd18) Importer(815301076,1909f56bfc062723c751e8b465ee728b)  -> (artifact id: '1371a8953db2e18d52eb7f7447783e69') in 0.021567 seconds 
========================================================================
Received Import Request.
  Time since last request: 0.000034 seconds.
  path: Assets/Image/kenney_ui-pack-space-expansion/PNG/barVertical_blue_bottom.png
  artifactKey: Guid(ed9d1fff6b1056a41b471bcb3942e2ce) Importer(815301076,1909f56bfc062723c751e8b465ee728b)
Start importing Assets/Image/kenney_ui-pack-space-expansion/PNG/barVertical_blue_bottom.png using Guid(ed9d1fff6b1056a41b471bcb3942e2ce) Importer(815301076,1909f56bfc062723c751e8b465ee728b)  -> (artifact id: '0b61dd7a1916c43709f65f2ab97405b5') in 0.024983 seconds 
========================================================================
Received Import Request.
  Time since last request: 0.000030 seconds.
  path: Assets/Image/kenney_ui-pack-space-expansion/PNG/barVertical_shadow_top.png
  artifactKey: Guid(df35bd32d54a3634c84229d2e022d920) Importer(815301076,1909f56bfc062723c751e8b465ee728b)
Start importing Assets/Image/kenney_ui-pack-space-expansion/PNG/barVertical_shadow_top.png using Guid(df35bd32d54a3634c84229d2e022d920) Importer(815301076,1909f56bfc062723c751e8b465ee728b)  -> (artifact id: 'afc6d4e5207059fdcc494350d906a8a0') in 0.026747 seconds 
========================================================================
Received Import Request.
  Time since last request: 0.183362 seconds.
  path: Assets/Image/kenney_ui-pack-space-expansion/PNG/crossair_blue.png
  artifactKey: Guid(d9a84c1133835fe45aa1275cef1abecc) Importer(815301076,1909f56bfc062723c751e8b465ee728b)
Start importing Assets/Image/kenney_ui-pack-space-expansion/PNG/crossair_blue.png using Guid(d9a84c1133835fe45aa1275cef1abecc) Importer(815301076,1909f56bfc062723c751e8b465ee728b)  -> (artifact id: '58740c2efc7f041b0b95cd47edd6ea29') in 0.021723 seconds 
========================================================================
Received Import Request.
  Time since last request: 0.000081 seconds.
  path: Assets/Image/kenney_ui-pack-space-expansion/PNG/cursor_hand.png
  artifactKey: Guid(b2da77229aac4cb4e91b7002830c9bc4) Importer(815301076,1909f56bfc062723c751e8b465ee728b)
Start importing Assets/Image/kenney_ui-pack-space-expansion/PNG/cursor_hand.png using Guid(b2da77229aac4cb4e91b7002830c9bc4) Importer(815301076,1909f56bfc062723c751e8b465ee728b)  -> (artifact id: '0af0f816780df3ae7a7a9720d9e7e730') in 0.024129 seconds 
========================================================================
Received Import Request.
  Time since last request: 0.000072 seconds.
  path: Assets/Image/kenney_ui-pack-space-expansion/PNG/dotBlue.png
  artifactKey: Guid(69767dc5666509245946c1cdf44973ad) Importer(815301076,1909f56bfc062723c751e8b465ee728b)
Start importing Assets/Image/kenney_ui-pack-space-expansion/PNG/dotBlue.png using Guid(69767dc5666509245946c1cdf44973ad) Importer(815301076,1909f56bfc062723c751e8b465ee728b)  -> (artifact id: '4cf71107ee44f8c284661a7691257a44') in 0.024232 seconds 
========================================================================
Received Import Request.
  Time since last request: 0.000054 seconds.
  path: Assets/Image/kenney_ui-pack-space-expansion/PNG/metalPanel.png
  artifactKey: Guid(517fa1bcd88f22446af5a59d8d2556fd) Importer(815301076,1909f56bfc062723c751e8b465ee728b)
Start importing Assets/Image/kenney_ui-pack-space-expansion/PNG/metalPanel.png using Guid(517fa1bcd88f22446af5a59d8d2556fd) Importer(815301076,1909f56bfc062723c751e8b465ee728b)  -> (artifact id: 'f63ac4b47b4d2aba54a82b7db4101f00') in 0.027152 seconds 
========================================================================
Received Import Request.
  Time since last request: 0.000034 seconds.
  path: Assets/Image/kenney_ui-pack-space-expansion/PNG/crossair_blueOutline.png
  artifactKey: Guid(27df304c140373b4eabc16500ce1752b) Importer(815301076,1909f56bfc062723c751e8b465ee728b)
Start importing Assets/Image/kenney_ui-pack-space-expansion/PNG/crossair_blueOutline.png using Guid(27df304c140373b4eabc16500ce1752b) Importer(815301076,1909f56bfc062723c751e8b465ee728b)  -> (artifact id: '75ac50b313cc7a8a897c18933bd6487b') in 0.028409 seconds 
========================================================================
Received Import Request.
  Time since last request: 0.000055 seconds.
  path: Assets/Image/kenney_ui-pack-space-expansion/PNG/cursor_pointerFlat_shadow.png
  artifactKey: Guid(003297b91fded93438020e21ce23eeca) Importer(815301076,1909f56bfc062723c751e8b465ee728b)
Start importing Assets/Image/kenney_ui-pack-space-expansion/PNG/cursor_pointerFlat_shadow.png using Guid(003297b91fded93438020e21ce23eeca) Importer(815301076,1909f56bfc062723c751e8b465ee728b)  -> (artifact id: 'f4b260b5633f245f6c057388298bad51') in 0.026136 seconds 
========================================================================
Received Import Request.
  Time since last request: 0.000030 seconds.
  path: Assets/Image/kenney_ui-pack-space-expansion/PNG/cursor_pointer3D_shadow.png
  artifactKey: Guid(084f5174b6e7f6b4ab2fe10dbac92910) Importer(815301076,1909f56bfc062723c751e8b465ee728b)
Start importing Assets/Image/kenney_ui-pack-space-expansion/PNG/cursor_pointer3D_shadow.png using Guid(084f5174b6e7f6b4ab2fe10dbac92910) Importer(815301076,1909f56bfc062723c751e8b465ee728b)  -> (artifact id: '244c314e1df0afffbb1c26bd383113d4') in 0.025670 seconds 
========================================================================
Received Import Request.
  Time since last request: 0.000046 seconds.
  path: Assets/Image/kenney_ui-pack-space-expansion/PNG/dotYellow.png
  artifactKey: Guid(ef4020343682b7047bd5a77e9241c422) Importer(815301076,1909f56bfc062723c751e8b465ee728b)
Start importing Assets/Image/kenney_ui-pack-space-expansion/PNG/dotYellow.png using Guid(ef4020343682b7047bd5a77e9241c422) Importer(815301076,1909f56bfc062723c751e8b465ee728b)  -> (artifact id: '869815e17bf2c1f88512b44fc113e5df') in 0.021312 seconds 
========================================================================
Received Import Request.
  Time since last request: 0.000040 seconds.
  path: Assets/Image/kenney_ui-pack-space-expansion/PNG/glassPanel_cornerTL.png
  artifactKey: Guid(f8d8711d9082bd1498147a63474dcdbd) Importer(815301076,1909f56bfc062723c751e8b465ee728b)
Start importing Assets/Image/kenney_ui-pack-space-expansion/PNG/glassPanel_cornerTL.png using Guid(f8d8711d9082bd1498147a63474dcdbd) Importer(815301076,1909f56bfc062723c751e8b465ee728b)  -> (artifact id: '7006c902ec4948eef1ba80972e90281a') in 0.022586 seconds 
========================================================================
Received Import Request.
  Time since last request: 0.000053 seconds.
  path: Assets/Image/kenney_ui-pack-space-expansion/PNG/crossair_whiteOutline.png
  artifactKey: Guid(f94381155f02b2d48a11eb0af54ad7ce) Importer(815301076,1909f56bfc062723c751e8b465ee728b)
Start importing Assets/Image/kenney_ui-pack-space-expansion/PNG/crossair_whiteOutline.png using Guid(f94381155f02b2d48a11eb0af54ad7ce) Importer(815301076,1909f56bfc062723c751e8b465ee728b)  -> (artifact id: '1933692a7dbc146ef773655e60f23792') in 0.021532 seconds 
========================================================================
Received Import Request.
  Time since last request: 0.000029 seconds.
  path: Assets/Image/kenney_ui-pack-space-expansion/PNG/cursor_pointer3D.png
  artifactKey: Guid(74338ca24bb5645449c5a7c492bdedff) Importer(815301076,1909f56bfc062723c751e8b465ee728b)
Start importing Assets/Image/kenney_ui-pack-space-expansion/PNG/cursor_pointer3D.png using Guid(74338ca24bb5645449c5a7c492bdedff) Importer(815301076,1909f56bfc062723c751e8b465ee728b)  -> (artifact id: '572bac62908da004d92205ff7b2e0b9b') in 0.020199 seconds 
========================================================================
Received Import Request.
  Time since last request: 0.000029 seconds.
  path: Assets/Image/kenney_ui-pack-space-expansion/PNG/glassPanel_corners.png
  artifactKey: Guid(43c13ef88c4a2f2438600d65cd83551b) Importer(815301076,1909f56bfc062723c751e8b465ee728b)
Start importing Assets/Image/kenney_ui-pack-space-expansion/PNG/glassPanel_corners.png using Guid(43c13ef88c4a2f2438600d65cd83551b) Importer(815301076,1909f56bfc062723c751e8b465ee728b)  -> (artifact id: 'c80e44405921d4684567784a915f17ad') in 0.023754 seconds 
========================================================================
Received Import Request.
  Time since last request: 0.000039 seconds.
  path: Assets/Image/kenney_ui-pack-space-expansion/PNG/dotGreen.png
  artifactKey: Guid(6fcbd0e7e4b5ff547a56b00829b2d1dd) Importer(815301076,1909f56bfc062723c751e8b465ee728b)
Start importing Assets/Image/kenney_ui-pack-space-expansion/PNG/dotGreen.png using Guid(6fcbd0e7e4b5ff547a56b00829b2d1dd) Importer(815301076,1909f56bfc062723c751e8b465ee728b)  -> (artifact id: '65a583031a2583b9293ac2931958ca34') in 0.020456 seconds 
========================================================================
Received Import Request.
  Time since last request: 0.000046 seconds.
  path: Assets/Image/kenney_ui-pack-space-expansion/PNG/metalPanel_blue.png
  artifactKey: Guid(db0b3975e60513f4b9e6e08aefe3e302) Importer(815301076,1909f56bfc062723c751e8b465ee728b)
Start importing Assets/Image/kenney_ui-pack-space-expansion/PNG/metalPanel_blue.png using Guid(db0b3975e60513f4b9e6e08aefe3e302) Importer(815301076,1909f56bfc062723c751e8b465ee728b)  -> (artifact id: '21c81cdd4da12609e2fc38cca4b48348') in 0.022317 seconds 
========================================================================
Received Import Request.
  Time since last request: 0.000042 seconds.
  path: Assets/Image/kenney_ui-pack-space-expansion/PNG/squareWhite.png
  artifactKey: Guid(ac2433e8c10b9114db49c7ea1203a15b) Importer(815301076,1909f56bfc062723c751e8b465ee728b)
Start importing Assets/Image/kenney_ui-pack-space-expansion/PNG/squareWhite.png using Guid(ac2433e8c10b9114db49c7ea1203a15b) Importer(815301076,1909f56bfc062723c751e8b465ee728b)  -> (artifact id: 'af829f588a16d797533cee07ea515cd0') in 0.020613 seconds 
========================================================================
Received Import Request.
  Time since last request: 0.000039 seconds.
  path: Assets/Image/kenney_ui-pack-space-expansion/PNG/metalPanel_greenCorner.png
  artifactKey: Guid(4b4220f0e21fa50498de37a86b606b92) Importer(815301076,1909f56bfc062723c751e8b465ee728b)
Start importing Assets/Image/kenney_ui-pack-space-expansion/PNG/metalPanel_greenCorner.png using Guid(4b4220f0e21fa50498de37a86b606b92) Importer(815301076,1909f56bfc062723c751e8b465ee728b)  -> (artifact id: '0799e66f84e870c367cda2e6b6249443') in 0.023124 seconds 
========================================================================
Received Import Request.
  Time since last request: 0.000047 seconds.
  path: Assets/Image/kenney_ui-pack-space-expansion/PNG/metalPanel_redCorner.png
  artifactKey: Guid(ddf0c0546d80b6243814d8feca4d5dc2) Importer(815301076,1909f56bfc062723c751e8b465ee728b)
Start importing Assets/Image/kenney_ui-pack-space-expansion/PNG/metalPanel_redCorner.png using Guid(ddf0c0546d80b6243814d8feca4d5dc2) Importer(815301076,1909f56bfc062723c751e8b465ee728b)  -> (artifact id: '5d18e7212b32aada0a8cdea7913bb007') in 0.021681 seconds 
========================================================================
Received Import Request.
  Time since last request: 0.000030 seconds.
  path: Assets/Image/kenney_ui-pack-space-expansion/PNG/squareBlue.png
  artifactKey: Guid(050332ac02d6d0341a11bbf1a8fd6510) Importer(815301076,1909f56bfc062723c751e8b465ee728b)
Start importing Assets/Image/kenney_ui-pack-space-expansion/PNG/squareBlue.png using Guid(050332ac02d6d0341a11bbf1a8fd6510) Importer(815301076,1909f56bfc062723c751e8b465ee728b)  -> (artifact id: '6d5d14fa3c288e6ce1a323a9e2135e16') in 0.017674 seconds 
========================================================================
Received Import Request.
  Time since last request: 0.000043 seconds.
  path: Assets/Image/kenney_ui-pack-space-expansion/PNG/metalPanel_yellow.png
  artifactKey: Guid(9e6047884cbc0d44999e31484a28600d) Importer(815301076,1909f56bfc062723c751e8b465ee728b)
Start importing Assets/Image/kenney_ui-pack-space-expansion/PNG/metalPanel_yellow.png using Guid(9e6047884cbc0d44999e31484a28600d) Importer(815301076,1909f56bfc062723c751e8b465ee728b)  -> (artifact id: '83c9cea108cc81b9cd1c8ebc447246cd') in 0.017573 seconds 
========================================================================
Received Import Request.
  Time since last request: 0.000040 seconds.
  path: Assets/Image/kenney_ui-pack-space-expansion/PNG/square_shadow.png
  artifactKey: Guid(5975dd105b9f50b41b1ade388c814308) Importer(815301076,1909f56bfc062723c751e8b465ee728b)
Start importing Assets/Image/kenney_ui-pack-space-expansion/PNG/square_shadow.png using Guid(5975dd105b9f50b41b1ade388c814308) Importer(815301076,1909f56bfc062723c751e8b465ee728b)  -> (artifact id: '691d840e91115462a2842f07aca4800b') in 0.018578 seconds 
========================================================================
Received Import Request.
  Time since last request: 0.000027 seconds.
  path: Assets/Image/kenney_ui-pack-space-expansion/PNG/glassPanel_cornerBR.png
  artifactKey: Guid(1d00db953d66efa4787b8bfb01942e19) Importer(815301076,1909f56bfc062723c751e8b465ee728b)
Start importing Assets/Image/kenney_ui-pack-space-expansion/PNG/glassPanel_cornerBR.png using Guid(1d00db953d66efa4787b8bfb01942e19) Importer(815301076,1909f56bfc062723c751e8b465ee728b)  -> (artifact id: 'c62f0844e2e4222d0ddbbe192a1066a5') in 0.022653 seconds 
Editor requested this worker to shutdown with reason: Scaling down because of idle timeout
AssetImportWorker is now disconnected from the server
Process exiting
Exiting without the bug reporter. Application will terminate with return code 0